\BOOKMARK [1][-]{section.1}{\376\377\000C\000o\000m\000m\000a\000n\000d\000s}{}% 1
\BOOKMARK [2][-]{subsection.1.1}{\376\377\000<\000a\000d\000d\000\137\000a\000n\000n\000o\000t\000\137\000t\000o\000\137\000h\000i\000g\000h\000l\000i\000g\000h\000t\000>}{section.1}% 2
\BOOKMARK [2][-]{subsection.1.2}{\376\377\000<\000a\000d\000d\000\137\000b\000o\000o\000k\000m\000a\000r\000k\000>}{section.1}% 3
\BOOKMARK [2][-]{subsection.1.3}{\376\377\000<\000a\000d\000d\000\137\000f\000r\000e\000e\000t\000e\000x\000t\000\137\000b\000o\000o\000k\000m\000a\000r\000k\000,\000\040\000a\000d\000d\000\137\000f\000r\000e\000e\000t\000e\000x\000t\000\137\000b\000o\000o\000k\000m\000a\000r\000k\000\137\000a\000u\000t\000o\000>}{section.1}% 4
\BOOKMARK [2][-]{subsection.1.4}{\376\377\000<\000a\000d\000d\000\137\000h\000i\000g\000h\000l\000i\000g\000h\000t\000>}{section.1}% 5
\BOOKMARK [2][-]{subsection.1.5}{\376\377\000<\000a\000d\000d\000\137\000h\000i\000g\000h\000l\000i\000g\000h\000t\000\137\000w\000i\000t\000h\000\137\000c\000u\000r\000r\000e\000n\000t\000\137\000t\000y\000p\000e\000>}{section.1}% 6
\BOOKMARK [2][-]{subsection.1.6}{\376\377\000<\000a\000d\000d\000\137\000k\000e\000y\000b\000i\000n\000d\000>}{section.1}% 7
\BOOKMARK [2][-]{subsection.1.7}{\376\377\000<\000a\000d\000d\000\137\000m\000a\000r\000k\000e\000d\000\137\000b\000o\000o\000k\000m\000a\000r\000k\000>}{section.1}% 8
\BOOKMARK [2][-]{subsection.1.8}{\376\377\000<\000a\000d\000d\000\137\000m\000a\000r\000k\000e\000d\000\137\000d\000a\000t\000a\000,\000\040\000r\000e\000m\000o\000v\000e\000\137\000m\000a\000r\000k\000e\000d\000\137\000d\000a\000t\000a\000,\000\040\000e\000x\000p\000o\000r\000t\000\137\000m\000a\000r\000k\000e\000d\000\137\000d\000a\000t\000a\000,\000\040\000u\000n\000d\000o\000\137\000m\000a\000r\000k\000e\000d\000\137\000d\000a\000t\000a\000,\000\040\000g\000o\000t\000o\000\137\000r\000a\000n\000d\000o\000m\000\137\000p\000a\000g\000e\000>}{section.1}% 9
\BOOKMARK [2][-]{subsection.1.9}{\376\377\000<\000c\000a\000n\000c\000e\000l\000\137\000a\000l\000l\000\137\000d\000o\000w\000n\000l\000o\000a\000d\000s\000>}{section.1}% 10
\BOOKMARK [2][-]{subsection.1.10}{\376\377\000<\000c\000h\000a\000n\000g\000e\000\137\000h\000i\000g\000h\000l\000i\000g\000h\000t\000>}{section.1}% 11
\BOOKMARK [2][-]{subsection.1.11}{\376\377\000<\000c\000i\000t\000e\000r\000s\000>}{section.1}% 12
\BOOKMARK [2][-]{subsection.1.12}{\376\377\000<\000c\000l\000e\000a\000r\000\137\000c\000u\000r\000r\000e\000n\000t\000\137\000p\000a\000g\000e\000\137\000d\000r\000a\000w\000i\000n\000g\000s\000,\000\040\000c\000l\000e\000a\000r\000\137\000c\000u\000r\000r\000e\000n\000t\000\137\000d\000o\000c\000u\000m\000e\000n\000t\000\137\000d\000r\000a\000w\000i\000n\000g\000s\000>}{section.1}% 13
\BOOKMARK [2][-]{subsection.1.13}{\376\377\000<\000c\000l\000e\000a\000r\000\137\000s\000c\000r\000a\000t\000c\000h\000p\000a\000d\000>}{section.1}% 14
\BOOKMARK [2][-]{subsection.1.14}{\376\377\000<\000c\000l\000o\000s\000e\000\137\000o\000v\000e\000r\000v\000i\000e\000w\000>}{section.1}% 15
\BOOKMARK [2][-]{subsection.1.15}{\376\377\000<\000c\000l\000o\000s\000e\000\137\000w\000i\000n\000d\000o\000w\000>}{section.1}% 16
\BOOKMARK [2][-]{subsection.1.16}{\376\377\000<\000c\000o\000m\000m\000a\000n\000d\000>}{section.1}% 17
\BOOKMARK [2][-]{subsection.1.17}{\376\377\000<\000c\000o\000m\000m\000a\000n\000d\000\137\000p\000a\000l\000e\000t\000t\000e\000>}{section.1}% 18
\BOOKMARK [2][-]{subsection.1.18}{\376\377\000<\000c\000o\000n\000t\000r\000o\000l\000\137\000m\000e\000n\000u\000>}{section.1}% 19
\BOOKMARK [2][-]{subsection.1.19}{\376\377\000<\000c\000o\000n\000v\000e\000r\000t\000\137\000t\000o\000\137\000l\000a\000t\000e\000x\000>}{section.1}% 20
\BOOKMARK [2][-]{subsection.1.20}{\376\377\000<\000c\000o\000p\000y\000>}{section.1}% 21
\BOOKMARK [2][-]{subsection.1.21}{\376\377\000<\000c\000o\000p\000y\000\137\000d\000r\000a\000w\000i\000n\000g\000s\000\137\000f\000r\000o\000m\000\137\000s\000c\000r\000a\000t\000c\000h\000p\000a\000d\000>}{section.1}% 22
\BOOKMARK [2][-]{subsection.1.22}{\376\377\000<\000c\000o\000p\000y\000\137\000l\000i\000n\000k\000>}{section.1}% 23
\BOOKMARK [2][-]{subsection.1.23}{\376\377\000<\000c\000o\000p\000y\000\137\000s\000c\000r\000e\000e\000n\000s\000h\000o\000t\000\137\000t\000o\000\137\000c\000l\000i\000p\000b\000o\000a\000r\000d\000>}{section.1}% 24
\BOOKMARK [2][-]{subsection.1.24}{\376\377\000<\000c\000o\000p\000y\000\137\000s\000c\000r\000e\000e\000n\000s\000h\000o\000t\000\137\000t\000o\000\137\000s\000c\000r\000a\000t\000c\000h\000p\000a\000d\000>}{section.1}% 25
\BOOKMARK [2][-]{subsection.1.25}{\376\377\000<\000c\000o\000p\000y\000\137\000w\000i\000n\000d\000o\000w\000\137\000s\000i\000z\000e\000\137\000c\000o\000n\000f\000i\000g\000>}{section.1}% 26
\BOOKMARK [2][-]{subsection.1.26}{\376\377\000<\000c\000r\000e\000a\000t\000e\000\137\000f\000u\000l\000l\000t\000e\000x\000t\000\137\000i\000n\000d\000e\000x\000\137\000f\000o\000r\000\137\000c\000u\000r\000r\000e\000n\000t\000\137\000d\000o\000c\000u\000m\000e\000n\000t\000>}{section.1}% 27
\BOOKMARK [2][-]{subsection.1.27}{\376\377\000<\000c\000r\000e\000a\000t\000e\000\137\000v\000i\000s\000i\000b\000l\000e\000\137\000p\000o\000r\000t\000a\000l\000>}{section.1}% 28
\BOOKMARK [2][-]{subsection.1.28}{\376\377\000<\000d\000e\000l\000e\000t\000e\000\137\000a\000l\000l\000\137\000p\000d\000f\000\137\000a\000n\000n\000o\000t\000a\000t\000i\000o\000n\000s\000,\000\040\000d\000e\000l\000e\000t\000e\000\137\000i\000n\000t\000e\000r\000s\000e\000c\000t\000i\000n\000g\000\137\000p\000d\000f\000\137\000a\000n\000n\000o\000t\000a\000t\000i\000o\000n\000s\000>}{section.1}% 29
\BOOKMARK [2][-]{subsection.1.29}{\376\377\000<\000d\000e\000l\000e\000t\000e\000\137\000c\000u\000r\000r\000e\000n\000t\000\137\000f\000i\000l\000e\000\137\000f\000r\000o\000m\000\137\000s\000e\000r\000v\000e\000r\000>}{section.1}% 30
\BOOKMARK [2][-]{subsection.1.30}{\376\377\000<\000d\000e\000l\000e\000t\000e\000\137\000d\000o\000c\000u\000m\000e\000n\000t\000\137\000f\000r\000o\000m\000\137\000f\000u\000l\000l\000t\000e\000x\000t\000\137\000s\000e\000a\000r\000c\000h\000\137\000i\000n\000d\000e\000x\000>}{section.1}% 31
\BOOKMARK [2][-]{subsection.1.31}{\376\377\000<\000d\000e\000l\000e\000t\000e\000\137\000f\000r\000e\000e\000h\000a\000n\000d\000\137\000d\000r\000a\000w\000i\000n\000g\000s\000>}{section.1}% 32
\BOOKMARK [2][-]{subsection.1.32}{\376\377\000<\000d\000e\000l\000e\000t\000e\000\137\000h\000i\000g\000h\000l\000i\000g\000h\000t\000\137\000u\000n\000d\000e\000r\000\137\000c\000u\000r\000s\000o\000r\000>}{section.1}% 33
\BOOKMARK [2][-]{subsection.1.33}{\376\377\000<\000d\000e\000l\000e\000t\000e\000\137\000p\000o\000r\000t\000a\000l\000,\000\040\000d\000e\000l\000e\000t\000e\000\137\000b\000o\000o\000k\000m\000a\000r\000k\000,\000\040\000d\000e\000l\000e\000t\000e\000\137\000h\000i\000g\000h\000l\000i\000g\000h\000t\000>}{section.1}% 34
\BOOKMARK [2][-]{subsection.1.34}{\376\377\000<\000d\000e\000l\000e\000t\000e\000\137\000v\000i\000s\000i\000b\000l\000e\000\137\000b\000o\000o\000k\000m\000a\000r\000k\000>}{section.1}% 35
\BOOKMARK [2][-]{subsection.1.35}{\376\377\000<\000d\000o\000c\000u\000m\000e\000n\000t\000a\000t\000i\000o\000n\000\137\000s\000e\000a\000r\000c\000h\000>}{section.1}% 36
\BOOKMARK [2][-]{subsection.1.36}{\376\377\000<\000d\000o\000n\000a\000t\000e\000>}{section.1}% 37
\BOOKMARK [2][-]{subsection.1.37}{\376\377\000<\000d\000o\000w\000n\000l\000o\000a\000d\000\137\000p\000a\000p\000e\000r\000\137\000w\000i\000t\000h\000\137\000u\000r\000l\000,\000\040\000d\000o\000w\000n\000l\000o\000a\000d\000\137\000c\000l\000i\000p\000b\000o\000a\000r\000d\000\137\000u\000r\000l\000>}{section.1}% 38
\BOOKMARK [2][-]{subsection.1.38}{\376\377\000<\000d\000o\000w\000n\000l\000o\000a\000d\000\137\000l\000i\000n\000k\000>}{section.1}% 39
\BOOKMARK [2][-]{subsection.1.39}{\376\377\000<\000d\000o\000w\000n\000l\000o\000a\000d\000\137\000o\000v\000e\000r\000v\000i\000e\000w\000\137\000p\000a\000p\000e\000r\000,\000\040\000d\000o\000w\000n\000l\000o\000a\000d\000\137\000o\000v\000e\000r\000v\000i\000e\000w\000\137\000p\000a\000p\000e\000r\000\137\000n\000o\000\137\000p\000r\000o\000m\000p\000t\000>}{section.1}% 40
\BOOKMARK [2][-]{subsection.1.40}{\376\377\000<\000d\000o\000w\000n\000l\000o\000a\000d\000\137\000p\000a\000p\000e\000r\000\137\000u\000n\000d\000e\000r\000\137\000c\000u\000r\000s\000o\000r\000>}{section.1}% 41
\BOOKMARK [2][-]{subsection.1.41}{\376\377\000<\000d\000o\000w\000n\000l\000o\000a\000d\000\137\000p\000a\000p\000e\000r\000\137\000w\000i\000t\000h\000\137\000n\000a\000m\000e\000>}{section.1}% 42
\BOOKMARK [2][-]{subsection.1.42}{\376\377\000<\000d\000o\000w\000n\000l\000o\000a\000d\000\137\000u\000n\000s\000y\000n\000c\000e\000d\000\137\000f\000i\000l\000e\000s\000>}{section.1}% 43
\BOOKMARK [2][-]{subsection.1.43}{\376\377\000<\000e\000d\000i\000t\000\137\000p\000o\000r\000t\000a\000l\000>}{section.1}% 44
\BOOKMARK [2][-]{subsection.1.44}{\376\377\000<\000e\000d\000i\000t\000\137\000s\000e\000l\000e\000c\000t\000e\000d\000\137\000b\000o\000o\000k\000m\000a\000r\000k\000>}{section.1}% 45
\BOOKMARK [2][-]{subsection.1.45}{\376\377\000<\000e\000d\000i\000t\000\137\000s\000e\000l\000e\000c\000t\000e\000d\000\137\000h\000i\000g\000h\000l\000i\000g\000h\000t\000>}{section.1}% 46
\BOOKMARK [2][-]{subsection.1.46}{\376\377\000<\000e\000d\000i\000t\000\137\000v\000i\000s\000i\000b\000l\000e\000\137\000b\000o\000o\000k\000m\000a\000r\000k\000>}{section.1}% 47
\BOOKMARK [2][-]{subsection.1.47}{\376\377\000<\000e\000m\000b\000e\000d\000\137\000a\000n\000n\000o\000t\000a\000t\000i\000o\000n\000s\000>}{section.1}% 48
\BOOKMARK [2][-]{subsection.1.48}{\376\377\000<\000e\000m\000b\000e\000d\000\137\000s\000e\000l\000e\000c\000t\000e\000d\000\137\000a\000n\000n\000o\000t\000a\000t\000i\000o\000n\000>}{section.1}% 49
\BOOKMARK [2][-]{subsection.1.49}{\376\377\000<\000e\000n\000t\000e\000r\000\137\000p\000a\000s\000s\000w\000o\000r\000d\000>}{section.1}% 50
\BOOKMARK [2][-]{subsection.1.50}{\376\377\000<\000e\000n\000t\000e\000r\000\137\000v\000i\000s\000u\000a\000l\000\137\000m\000a\000r\000k\000\137\000m\000o\000d\000e\000>}{section.1}% 51
\BOOKMARK [2][-]{subsection.1.51}{\376\377\000<\000e\000s\000c\000a\000p\000e\000>}{section.1}% 52
\BOOKMARK [2][-]{subsection.1.52}{\376\377\000<\000e\000x\000e\000c\000u\000t\000e\000,\000\040\000e\000x\000e\000c\000u\000t\000e\000\137\000s\000h\000e\000l\000l\000\137\000c\000o\000m\000m\000a\000n\000d\000>}{section.1}% 53
\BOOKMARK [2][-]{subsection.1.53}{\376\377\000<\000e\000x\000e\000c\000u\000t\000e\000\137\000m\000a\000c\000r\000o\000>}{section.1}% 54
\BOOKMARK [2][-]{subsection.1.54}{\376\377\000<\000e\000x\000i\000t\000\137\000r\000u\000l\000e\000r\000\137\000m\000o\000d\000e\000,\000\040\000c\000l\000o\000s\000e\000\137\000v\000i\000s\000u\000a\000l\000\137\000m\000a\000r\000k\000>}{section.1}% 55
\BOOKMARK [2][-]{subsection.1.55}{\376\377\000<\000e\000x\000p\000o\000r\000t\000>}{section.1}% 56
\BOOKMARK [2][-]{subsection.1.56}{\376\377\000<\000e\000x\000t\000e\000r\000n\000a\000l\000\137\000s\000e\000a\000r\000c\000h\000>}{section.1}% 57
\BOOKMARK [2][-]{subsection.1.57}{\376\377\000<\000e\000x\000t\000r\000a\000c\000t\000\137\000t\000a\000b\000l\000e\000,\000\040\000e\000x\000t\000r\000a\000c\000t\000\137\000t\000a\000b\000l\000e\000\137\000w\000i\000t\000h\000\137\000p\000r\000o\000m\000p\000t\000>}{section.1}% 58
\BOOKMARK [2][-]{subsection.1.58}{\376\377\000<\000f\000i\000n\000d\000\137\000r\000e\000f\000e\000r\000e\000n\000c\000e\000s\000>}{section.1}% 59
\BOOKMARK [2][-]{subsection.1.59}{\376\377\000<\000f\000i\000t\000\137\000e\000p\000u\000b\000\137\000t\000o\000\137\000w\000i\000n\000d\000o\000w\000>}{section.1}% 60
\BOOKMARK [2][-]{subsection.1.60}{\376\377\000<\000f\000i\000t\000\137\000t\000o\000\137\000o\000v\000e\000r\000v\000i\000e\000w\000\137\000w\000i\000d\000t\000h\000>}{section.1}% 61
\BOOKMARK [2][-]{subsection.1.61}{\376\377\000<\000f\000i\000t\000\137\000t\000o\000\137\000p\000a\000g\000e\000\137\000w\000i\000d\000t\000h\000\137\000r\000a\000t\000i\000o\000>}{section.1}% 62
\BOOKMARK [2][-]{subsection.1.62}{\376\377\000<\000f\000i\000t\000\137\000t\000o\000\137\000p\000a\000g\000e\000\137\000w\000i\000d\000t\000h\000,\000\040\000f\000i\000t\000\137\000t\000o\000\137\000p\000a\000g\000e\000\137\000h\000e\000i\000g\000h\000t\000,\000\040\000f\000i\000t\000\137\000t\000o\000\137\000p\000a\000g\000e\000\137\000w\000i\000d\000t\000h\000\137\000s\000m\000a\000r\000t\000,\000\040\000f\000i\000t\000\137\000t\000o\000\137\000p\000a\000g\000e\000\137\000h\000e\000i\000g\000h\000t\000\137\000s\000m\000a\000r\000t\000,\000\040\000f\000i\000t\000\137\000t\000o\000\137\000p\000a\000g\000e\000\137\000s\000m\000a\000r\000t\000>}{section.1}% 63
\BOOKMARK [2][-]{subsection.1.63}{\376\377\000<\000f\000o\000c\000u\000s\000\137\000t\000e\000x\000t\000>}{section.1}% 64
\BOOKMARK [2][-]{subsection.1.64}{\376\377\000<\000f\000o\000r\000c\000e\000\137\000d\000o\000w\000n\000l\000o\000a\000d\000\137\000a\000n\000n\000o\000t\000a\000t\000i\000o\000n\000s\000>}{section.1}% 65
\BOOKMARK [2][-]{subsection.1.65}{\376\377\000<\000f\000r\000a\000m\000e\000b\000u\000f\000f\000e\000r\000\137\000s\000c\000r\000e\000e\000n\000s\000h\000o\000t\000>}{section.1}% 66
\BOOKMARK [2][-]{subsection.1.66}{\376\377\000<\000f\000u\000l\000l\000t\000e\000x\000t\000\137\000s\000e\000a\000r\000c\000h\000\137\000c\000u\000r\000r\000e\000n\000t\000\137\000d\000o\000c\000u\000m\000e\000n\000t\000>}{section.1}% 67
\BOOKMARK [2][-]{subsection.1.67}{\376\377\000<\000f\000u\000z\000z\000y\000\137\000s\000e\000a\000r\000c\000h\000>}{section.1}% 68
\BOOKMARK [2][-]{subsection.1.68}{\376\377\000<\000g\000e\000n\000e\000r\000i\000c\000\137\000d\000e\000l\000e\000t\000e\000>}{section.1}% 69
\BOOKMARK [2][-]{subsection.1.69}{\376\377\000<\000g\000e\000n\000e\000r\000i\000c\000\137\000s\000e\000l\000e\000c\000t\000>}{section.1}% 70
\BOOKMARK [2][-]{subsection.1.70}{\376\377\000<\000g\000e\000t\000\137\000a\000n\000n\000o\000t\000a\000t\000i\000o\000n\000s\000\137\000j\000s\000o\000n\000>}{section.1}% 71
\BOOKMARK [2][-]{subsection.1.71}{\376\377\000<\000g\000e\000t\000\137\000c\000o\000n\000f\000i\000g\000\137\000n\000o\000\137\000d\000i\000a\000l\000o\000g\000>}{section.1}% 72
\BOOKMARK [2][-]{subsection.1.72}{\376\377\000<\000g\000e\000t\000\137\000c\000o\000n\000f\000i\000g\000\137\000v\000a\000l\000u\000e\000>}{section.1}% 73
\BOOKMARK [2][-]{subsection.1.73}{\376\377\000<\000g\000e\000t\000\137\000m\000o\000d\000e\000\137\000s\000t\000r\000i\000n\000g\000>}{section.1}% 74
\BOOKMARK [2][-]{subsection.1.74}{\376\377\000<\000g\000e\000t\000\137\000o\000v\000e\000r\000v\000i\000e\000w\000\137\000p\000a\000p\000e\000r\000\137\000n\000a\000m\000e\000>}{section.1}% 75
\BOOKMARK [2][-]{subsection.1.75}{\376\377\000<\000g\000e\000t\000\137\000p\000a\000p\000e\000r\000\137\000n\000a\000m\000e\000>}{section.1}% 76
\BOOKMARK [2][-]{subsection.1.76}{\376\377\000<\000g\000e\000t\000\137\000s\000t\000a\000t\000e\000\137\000j\000s\000o\000n\000>}{section.1}% 77
\BOOKMARK [2][-]{subsection.1.77}{\376\377\000<\000g\000o\000t\000o\000\137\000b\000e\000g\000i\000n\000n\000i\000n\000g\000,\000\040\000g\000o\000t\000o\000\137\000e\000n\000d\000>}{section.1}% 78
\BOOKMARK [2][-]{subsection.1.78}{\376\377\000<\000g\000o\000t\000o\000\137\000b\000o\000o\000k\000m\000a\000r\000k\000,\000\040\000g\000o\000t\000o\000\137\000b\000o\000o\000k\000m\000a\000r\000k\000\137\000g\000>}{section.1}% 79
\BOOKMARK [2][-]{subsection.1.79}{\376\377\000<\000g\000o\000t\000o\000\137\000d\000e\000f\000i\000n\000i\000t\000i\000o\000n\000>}{section.1}% 80
\BOOKMARK [2][-]{subsection.1.80}{\376\377\000<\000g\000o\000t\000o\000\137\000h\000i\000g\000h\000l\000i\000g\000h\000t\000,\000\040\000g\000o\000t\000o\000\137\000h\000i\000g\000h\000l\000i\000g\000h\000t\000\137\000g\000>}{section.1}% 81
\BOOKMARK [2][-]{subsection.1.81}{\376\377\000<\000g\000o\000t\000o\000\137\000l\000e\000f\000t\000,\000\040\000g\000o\000t\000o\000\137\000r\000i\000g\000h\000t\000,\000\040\000g\000o\000t\000o\000\137\000l\000e\000f\000t\000\137\000s\000m\000a\000r\000t\000,\000\040\000g\000o\000t\000o\000\137\000r\000i\000g\000h\000t\000\137\000s\000m\000a\000r\000t\000>}{section.1}% 82
\BOOKMARK [2][-]{subsection.1.82}{\376\377\000<\000g\000o\000t\000o\000\137\000m\000a\000r\000k\000>}{section.1}% 83
\BOOKMARK [2][-]{subsection.1.83}{\376\377\000<\000g\000o\000t\000o\000\137\000n\000e\000x\000t\000\137\000h\000i\000g\000h\000l\000i\000g\000h\000t\000,\000\040\000g\000o\000t\000o\000\137\000p\000r\000e\000v\000\137\000h\000i\000g\000h\000l\000i\000g\000h\000t\000>}{section.1}% 84
\BOOKMARK [2][-]{subsection.1.84}{\376\377\000<\000g\000o\000t\000o\000\137\000n\000e\000x\000t\000\137\000h\000i\000g\000h\000l\000i\000g\000h\000t\000\137\000o\000f\000\137\000t\000y\000p\000e\000,\000\040\000g\000o\000t\000o\000\137\000p\000r\000e\000v\000\137\000h\000i\000g\000h\000l\000i\000g\000h\000t\000\137\000o\000f\000\137\000t\000y\000p\000e\000>}{section.1}% 85
\BOOKMARK [2][-]{subsection.1.85}{\376\377\000<\000g\000o\000t\000o\000\137\000o\000v\000e\000r\000v\000i\000e\000w\000>}{section.1}% 86
\BOOKMARK [2][-]{subsection.1.86}{\376\377\000<\000g\000o\000t\000o\000\137\000p\000a\000g\000e\000\137\000w\000i\000t\000h\000\137\000l\000a\000b\000e\000l\000>}{section.1}% 87
\BOOKMARK [2][-]{subsection.1.87}{\376\377\000<\000g\000o\000t\000o\000\137\000p\000a\000g\000e\000\137\000w\000i\000t\000h\000\137\000p\000a\000g\000e\000\137\000n\000u\000m\000b\000e\000r\000>}{section.1}% 88
\BOOKMARK [2][-]{subsection.1.88}{\376\377\000<\000g\000o\000t\000o\000\137\000p\000o\000r\000t\000a\000l\000>}{section.1}% 89
\BOOKMARK [2][-]{subsection.1.89}{\376\377\000<\000g\000o\000t\000o\000\137\000p\000o\000r\000t\000a\000l\000\137\000l\000i\000s\000t\000>}{section.1}% 90
\BOOKMARK [2][-]{subsection.1.90}{\376\377\000<\000g\000o\000t\000o\000\137\000s\000e\000l\000e\000c\000t\000e\000d\000\137\000t\000e\000x\000t\000>}{section.1}% 91
\BOOKMARK [2][-]{subsection.1.91}{\376\377\000<\000g\000o\000t\000o\000\137\000t\000a\000b\000>}{section.1}% 92
\BOOKMARK [2][-]{subsection.1.92}{\376\377\000<\000g\000o\000t\000o\000\137\000t\000o\000c\000>}{section.1}% 93
\BOOKMARK [2][-]{subsection.1.93}{\376\377\000<\000g\000o\000t\000o\000\137\000t\000o\000p\000\137\000o\000f\000\137\000p\000a\000g\000e\000,\000\040\000g\000o\000t\000o\000\137\000b\000o\000t\000t\000o\000m\000\137\000o\000f\000\137\000p\000a\000g\000e\000>}{section.1}% 94
\BOOKMARK [2][-]{subsection.1.94}{\376\377\000<\000g\000o\000t\000o\000\137\000w\000i\000n\000d\000o\000w\000>}{section.1}% 95
\BOOKMARK [2][-]{subsection.1.95}{\376\377\000<\000i\000m\000p\000o\000r\000t\000>}{section.1}% 96
\BOOKMARK [2][-]{subsection.1.96}{\376\377\000<\000i\000m\000p\000o\000r\000t\000\137\000a\000n\000n\000o\000t\000a\000t\000i\000o\000n\000s\000>}{section.1}% 97
\BOOKMARK [2][-]{subsection.1.97}{\376\377\000<\000i\000m\000p\000o\000r\000t\000\137\000l\000o\000c\000a\000l\000\137\000d\000a\000t\000a\000b\000a\000s\000e\000,\000\040\000i\000m\000p\000o\000r\000t\000\137\000s\000h\000a\000r\000e\000d\000\137\000d\000a\000t\000a\000b\000a\000s\000e\000>}{section.1}% 98
\BOOKMARK [2][-]{subsection.1.98}{\376\377\000<\000i\000n\000c\000r\000e\000a\000s\000e\000\137\000f\000r\000e\000e\000t\000e\000x\000t\000\137\000f\000o\000n\000t\000\137\000s\000i\000z\000e\000,\000\040\000d\000e\000c\000r\000e\000a\000s\000e\000\137\000f\000r\000e\000e\000t\000e\000x\000t\000\137\000f\000o\000n\000t\000\137\000s\000i\000z\000e\000>}{section.1}% 99
\BOOKMARK [2][-]{subsection.1.99}{\376\377\000<\000i\000n\000c\000r\000e\000a\000s\000e\000\137\000t\000t\000s\000\137\000r\000a\000t\000e\000,\000\040\000d\000e\000c\000r\000e\000a\000s\000e\000\137\000t\000t\000s\000\137\000r\000a\000t\000e\000>}{section.1}% 100
\BOOKMARK [2][-]{subsection.1.100}{\376\377\000<\000k\000e\000y\000b\000o\000a\000r\000d\000\137\000o\000v\000e\000r\000v\000i\000e\000w\000>}{section.1}% 101
\BOOKMARK [2][-]{subsection.1.101}{\376\377\000<\000k\000e\000y\000b\000o\000a\000r\000d\000\137\000s\000e\000l\000e\000c\000t\000>}{section.1}% 102
\BOOKMARK [2][-]{subsection.1.102}{\376\377\000<\000k\000e\000y\000b\000o\000a\000r\000d\000\137\000s\000e\000l\000e\000c\000t\000\137\000l\000i\000n\000e\000>}{section.1}% 103
\BOOKMARK [2][-]{subsection.1.103}{\376\377\000<\000k\000e\000y\000b\000o\000a\000r\000d\000\137\000s\000m\000a\000r\000t\000\137\000j\000u\000m\000p\000>}{section.1}% 104
\BOOKMARK [2][-]{subsection.1.104}{\376\377\000<\000k\000e\000y\000s\000>}{section.1}% 105
\BOOKMARK [2][-]{subsection.1.105}{\376\377\000<\000k\000e\000y\000s\000\137\000u\000s\000e\000r\000>}{section.1}% 106
\BOOKMARK [2][-]{subsection.1.106}{\376\377\000<\000k\000e\000y\000s\000\137\000u\000s\000e\000r\000\137\000a\000l\000l\000>}{section.1}% 107
\BOOKMARK [2][-]{subsection.1.107}{\376\377\000<\000l\000o\000a\000d\000\137\000a\000n\000n\000o\000t\000a\000t\000i\000o\000n\000s\000\137\000f\000i\000l\000e\000,\000\040\000i\000m\000p\000o\000r\000t\000\137\000a\000n\000n\000o\000t\000a\000t\000i\000o\000n\000s\000\137\000f\000i\000l\000e\000\137\000s\000y\000n\000c\000\137\000d\000e\000l\000e\000t\000e\000d\000>}{section.1}% 108
\BOOKMARK [2][-]{subsection.1.108}{\376\377\000<\000l\000o\000a\000d\000\137\000s\000c\000r\000a\000t\000c\000h\000p\000a\000d\000>}{section.1}% 109
\BOOKMARK [2][-]{subsection.1.109}{\376\377\000<\000l\000o\000g\000i\000n\000>}{section.1}% 110
\BOOKMARK [2][-]{subsection.1.110}{\376\377\000<\000l\000o\000g\000i\000n\000\137\000u\000s\000i\000n\000g\000\137\000a\000c\000c\000e\000s\000s\000\137\000t\000o\000k\000e\000n\000>}{section.1}% 111
\BOOKMARK [2][-]{subsection.1.111}{\376\377\000<\000l\000o\000g\000o\000u\000t\000>}{section.1}% 112
\BOOKMARK [2][-]{subsection.1.112}{\376\377\000<\000m\000a\000x\000i\000m\000i\000z\000e\000>}{section.1}% 113
\BOOKMARK [2][-]{subsection.1.113}{\376\377\000<\000m\000o\000v\000e\000\137\000l\000e\000f\000t\000,\000\040\000m\000o\000v\000e\000\137\000r\000i\000g\000h\000t\000,\000\040\000m\000o\000v\000e\000\137\000d\000o\000w\000n\000,\000\040\000m\000o\000v\000e\000\137\000u\000p\000>}{section.1}% 114
\BOOKMARK [2][-]{subsection.1.114}{\376\377\000<\000m\000o\000v\000e\000\137\000l\000e\000f\000t\000\137\000i\000n\000\137\000o\000v\000e\000r\000v\000i\000e\000w\000,\000\040\000m\000o\000v\000e\000\137\000r\000i\000g\000h\000t\000\137\000i\000n\000\137\000o\000v\000e\000r\000v\000i\000e\000w\000>}{section.1}% 115
\BOOKMARK [2][-]{subsection.1.115}{\376\377\000<\000m\000o\000v\000e\000\137\000r\000u\000l\000e\000r\000\137\000u\000p\000,\000\040\000m\000o\000v\000e\000\137\000r\000u\000l\000e\000r\000\137\000d\000o\000w\000n\000,\000\040\000m\000o\000v\000e\000\137\000v\000i\000s\000u\000a\000l\000\137\000m\000a\000r\000k\000\137\000u\000p\000,\000\040\000m\000o\000v\000e\000\137\000v\000i\000s\000u\000a\000l\000\137\000m\000a\000r\000k\000\137\000d\000o\000w\000n\000>}{section.1}% 116
\BOOKMARK [2][-]{subsection.1.116}{\376\377\000<\000m\000o\000v\000e\000\137\000r\000u\000l\000e\000r\000\137\000t\000o\000\137\000n\000e\000x\000t\000\137\000b\000l\000o\000c\000k\000,\000\040\000m\000o\000v\000e\000\137\000r\000u\000l\000e\000r\000\137\000t\000o\000\137\000p\000r\000e\000v\000\137\000b\000l\000o\000c\000k\000>}{section.1}% 117
\BOOKMARK [2][-]{subsection.1.117}{\376\377\000<\000m\000o\000v\000e\000\137\000r\000u\000l\000e\000r\000\137\000n\000e\000x\000t\000,\000\040\000m\000o\000v\000e\000\137\000r\000u\000l\000e\000r\000\137\000p\000r\000e\000v\000,\000\040\000m\000o\000v\000e\000\137\000v\000i\000s\000u\000a\000l\000\137\000m\000a\000r\000k\000\137\000n\000e\000x\000t\000,\000\040\000m\000o\000v\000e\000\137\000v\000i\000s\000u\000a\000l\000\137\000m\000a\000r\000k\000\137\000p\000r\000e\000v\000>}{section.1}% 118
\BOOKMARK [2][-]{subsection.1.118}{\376\377\000<\000m\000o\000v\000e\000\137\000w\000i\000n\000d\000o\000w\000,\000\040\000s\000e\000t\000\137\000w\000i\000n\000d\000o\000w\000\137\000r\000e\000c\000t\000>}{section.1}% 119
\BOOKMARK [2][-]{subsection.1.119}{\376\377\000<\000n\000e\000w\000\137\000w\000i\000n\000d\000o\000w\000>}{section.1}% 120
\BOOKMARK [2][-]{subsection.1.120}{\376\377\000<\000n\000e\000x\000t\000\137\000o\000v\000e\000r\000v\000i\000e\000w\000,\000\040\000p\000r\000e\000v\000i\000o\000u\000s\000\137\000o\000v\000e\000r\000v\000i\000e\000w\000>}{section.1}% 121
\BOOKMARK [2][-]{subsection.1.121}{\376\377\000<\000n\000e\000x\000t\000\137\000c\000h\000a\000p\000t\000e\000r\000,\000\040\000p\000r\000e\000v\000\137\000c\000h\000a\000p\000t\000e\000r\000>}{section.1}% 122
\BOOKMARK [2][-]{subsection.1.122}{\376\377\000<\000n\000e\000x\000t\000\137\000i\000t\000e\000m\000,\000\040\000p\000r\000e\000v\000i\000o\000u\000s\000\137\000i\000t\000e\000m\000>}{section.1}% 123
\BOOKMARK [2][-]{subsection.1.123}{\376\377\000<\000n\000e\000x\000t\000\137\000p\000a\000g\000e\000,\000\040\000p\000r\000e\000v\000i\000o\000u\000s\000\137\000p\000a\000g\000e\000>}{section.1}% 124
\BOOKMARK [2][-]{subsection.1.124}{\376\377\000<\000n\000e\000x\000t\000\137\000s\000t\000a\000t\000e\000,\000\040\000p\000r\000e\000v\000\137\000s\000t\000a\000t\000e\000>}{section.1}% 125
\BOOKMARK [2][-]{subsection.1.125}{\376\377\000<\000n\000o\000o\000p\000>}{section.1}% 126
\BOOKMARK [2][-]{subsection.1.126}{\376\377\000<\000o\000p\000e\000n\000\137\000c\000o\000n\000t\000a\000i\000n\000i\000n\000g\000\137\000f\000o\000l\000d\000e\000r\000>}{section.1}% 127
\BOOKMARK [2][-]{subsection.1.127}{\376\377\000<\000o\000p\000e\000n\000\137\000d\000o\000c\000u\000m\000e\000n\000t\000>}{section.1}% 128
\BOOKMARK [2][-]{subsection.1.128}{\376\377\000<\000o\000p\000e\000n\000\137\000d\000o\000c\000u\000m\000e\000n\000t\000\137\000e\000m\000b\000e\000d\000d\000e\000d\000>}{section.1}% 129
\BOOKMARK [2][-]{subsection.1.129}{\376\377\000<\000o\000p\000e\000n\000\137\000d\000o\000c\000u\000m\000e\000n\000t\000\137\000e\000m\000b\000e\000d\000d\000e\000d\000\137\000f\000r\000o\000m\000\137\000c\000u\000r\000r\000e\000n\000t\000\137\000p\000a\000t\000h\000>}{section.1}% 130
\BOOKMARK [2][-]{subsection.1.130}{\376\377\000<\000o\000p\000e\000n\000\137\000e\000x\000t\000e\000r\000n\000a\000l\000\137\000t\000e\000x\000t\000\137\000e\000d\000i\000t\000o\000r\000>}{section.1}% 131
\BOOKMARK [2][-]{subsection.1.131}{\376\377\000<\000o\000p\000e\000n\000\137\000l\000a\000s\000t\000\137\000d\000o\000c\000u\000m\000e\000n\000t\000>}{section.1}% 132
\BOOKMARK [2][-]{subsection.1.132}{\376\377\000<\000o\000p\000e\000n\000\137\000l\000i\000n\000k\000>}{section.1}% 133
\BOOKMARK [2][-]{subsection.1.133}{\376\377\000<\000o\000p\000e\000n\000\137\000l\000o\000c\000a\000l\000\137\000d\000a\000t\000a\000b\000a\000s\000e\000\137\000c\000o\000n\000t\000a\000i\000n\000i\000n\000g\000\137\000f\000o\000l\000d\000e\000r\000,\000\040\000o\000p\000e\000n\000\137\000s\000h\000a\000r\000e\000d\000\137\000d\000a\000t\000a\000b\000a\000s\000e\000\137\000c\000o\000n\000t\000a\000i\000n\000i\000n\000g\000\137\000f\000o\000l\000d\000e\000r\000>}{section.1}% 134
\BOOKMARK [2][-]{subsection.1.134}{\376\377\000<\000o\000p\000e\000n\000\137\000p\000r\000e\000v\000\137\000d\000o\000c\000>}{section.1}% 135
\BOOKMARK [2][-]{subsection.1.135}{\376\377\000<\000o\000p\000e\000n\000\137\000s\000e\000r\000v\000e\000r\000\137\000o\000n\000l\000y\000\137\000f\000i\000l\000e\000>}{section.1}% 136
\BOOKMARK [2][-]{subsection.1.136}{\376\377\000<\000o\000v\000e\000r\000v\000i\000e\000w\000\137\000d\000e\000f\000i\000n\000i\000t\000i\000o\000n\000>}{section.1}% 137
\BOOKMARK [2][-]{subsection.1.137}{\376\377\000<\000o\000v\000e\000r\000v\000i\000e\000w\000\137\000l\000i\000n\000k\000>}{section.1}% 138
\BOOKMARK [2][-]{subsection.1.138}{\376\377\000<\000o\000v\000e\000r\000v\000i\000e\000w\000\137\000n\000e\000x\000t\000\137\000i\000t\000e\000m\000,\000\040\000o\000v\000e\000r\000v\000i\000e\000w\000\137\000p\000r\000e\000v\000\137\000i\000t\000e\000m\000>}{section.1}% 139
\BOOKMARK [2][-]{subsection.1.139}{\376\377\000<\000o\000v\000e\000r\000v\000i\000e\000w\000\137\000t\000o\000\137\000p\000o\000r\000t\000a\000l\000>}{section.1}% 140
\BOOKMARK [2][-]{subsection.1.140}{\376\377\000<\000o\000v\000e\000r\000v\000i\000e\000w\000\137\000t\000o\000\137\000r\000u\000l\000e\000r\000\137\000p\000o\000r\000t\000a\000l\000,\000\040\000g\000o\000t\000o\000\137\000r\000u\000l\000e\000r\000\137\000p\000o\000r\000t\000a\000l\000>}{section.1}% 141
\BOOKMARK [2][-]{subsection.1.141}{\376\377\000<\000o\000v\000e\000r\000v\000i\000e\000w\000\137\000u\000n\000d\000e\000r\000\137\000c\000u\000r\000s\000o\000r\000>}{section.1}% 142
\BOOKMARK [2][-]{subsection.1.142}{\376\377\000<\000p\000i\000n\000\137\000o\000v\000e\000r\000v\000i\000e\000w\000\137\000a\000s\000\137\000p\000o\000r\000t\000a\000l\000>}{section.1}% 143
\BOOKMARK [2][-]{subsection.1.143}{\376\377\000<\000p\000o\000r\000t\000a\000l\000>}{section.1}% 144
\BOOKMARK [2][-]{subsection.1.144}{\376\377\000<\000p\000o\000r\000t\000a\000l\000\137\000t\000o\000\137\000d\000e\000f\000i\000n\000i\000t\000i\000o\000n\000>}{section.1}% 145
\BOOKMARK [2][-]{subsection.1.145}{\376\377\000<\000p\000o\000r\000t\000a\000l\000\137\000t\000o\000\137\000l\000i\000n\000k\000>}{section.1}% 146
\BOOKMARK [2][-]{subsection.1.146}{\376\377\000<\000p\000o\000r\000t\000a\000l\000\137\000t\000o\000\137\000o\000v\000e\000r\000v\000i\000e\000w\000>}{section.1}% 147
\BOOKMARK [2][-]{subsection.1.147}{\376\377\000<\000p\000r\000e\000f\000s\000>}{section.1}% 148
\BOOKMARK [2][-]{subsection.1.148}{\376\377\000<\000p\000r\000e\000f\000s\000\137\000u\000s\000e\000r\000>}{section.1}% 149
\BOOKMARK [2][-]{subsection.1.149}{\376\377\000<\000p\000r\000e\000f\000s\000\137\000u\000s\000e\000r\000\137\000a\000l\000l\000>}{section.1}% 150
\BOOKMARK [2][-]{subsection.1.150}{\376\377\000<\000q\000u\000i\000t\000>}{section.1}% 151
\BOOKMARK [2][-]{subsection.1.151}{\376\377\000<\000r\000e\000g\000e\000x\000\137\000s\000e\000a\000r\000c\000h\000>}{section.1}% 152
\BOOKMARK [2][-]{subsection.1.152}{\376\377\000<\000r\000e\000l\000o\000a\000d\000>}{section.1}% 153
\BOOKMARK [2][-]{subsection.1.153}{\376\377\000<\000r\000e\000l\000o\000a\000d\000\137\000c\000o\000n\000f\000i\000g\000>}{section.1}% 154
\BOOKMARK [2][-]{subsection.1.154}{\376\377\000<\000r\000e\000l\000o\000a\000d\000\137\000n\000o\000\137\000f\000l\000i\000c\000k\000e\000r\000>}{section.1}% 155
\BOOKMARK [2][-]{subsection.1.155}{\376\377\000<\000r\000e\000n\000a\000m\000e\000>}{section.1}% 156
\BOOKMARK [2][-]{subsection.1.156}{\376\377\000<\000r\000e\000s\000u\000m\000e\000\137\000t\000o\000\137\000s\000e\000r\000v\000e\000r\000>}{section.1}% 157
\BOOKMARK [2][-]{subsection.1.157}{\376\377\000<\000r\000e\000s\000y\000n\000c\000\137\000d\000o\000c\000u\000m\000e\000n\000t\000>}{section.1}% 158
\BOOKMARK [2][-]{subsection.1.158}{\376\377\000<\000r\000o\000t\000a\000t\000e\000\137\000c\000l\000o\000c\000k\000w\000i\000s\000e\000,\000\040\000r\000o\000t\000a\000t\000e\000\137\000c\000o\000u\000n\000t\000e\000r\000c\000l\000o\000c\000k\000w\000i\000s\000e\000>}{section.1}% 159
\BOOKMARK [2][-]{subsection.1.159}{\376\377\000<\000r\000u\000l\000e\000r\000\137\000u\000n\000d\000e\000r\000\137\000c\000u\000r\000s\000o\000r\000,\000\040\000v\000i\000s\000u\000a\000l\000\137\000m\000a\000r\000k\000\137\000u\000n\000d\000e\000r\000\137\000c\000u\000r\000s\000o\000r\000>}{section.1}% 160
\BOOKMARK [2][-]{subsection.1.160}{\376\377\000<\000r\000u\000l\000e\000r\000\137\000u\000n\000d\000e\000r\000\137\000s\000e\000l\000e\000c\000t\000e\000d\000\137\000p\000o\000i\000n\000t\000>}{section.1}% 161
\BOOKMARK [2][-]{subsection.1.161}{\376\377\000<\000s\000a\000v\000e\000\137\000s\000c\000r\000a\000t\000c\000h\000p\000a\000d\000>}{section.1}% 162
\BOOKMARK [2][-]{subsection.1.162}{\376\377\000<\000s\000c\000a\000n\000\137\000n\000e\000w\000\137\000f\000i\000l\000e\000s\000>}{section.1}% 163
\BOOKMARK [2][-]{subsection.1.163}{\376\377\000<\000s\000c\000r\000e\000e\000n\000s\000h\000o\000t\000>}{section.1}% 164
\BOOKMARK [2][-]{subsection.1.164}{\376\377\000<\000s\000c\000r\000e\000e\000n\000\137\000d\000o\000w\000n\000,\000\040\000s\000c\000r\000e\000e\000n\000\137\000u\000p\000>}{section.1}% 165
\BOOKMARK [2][-]{subsection.1.165}{\376\377\000<\000s\000c\000r\000o\000l\000l\000\137\000s\000e\000l\000e\000c\000t\000e\000d\000\137\000b\000o\000o\000k\000m\000a\000r\000k\000\137\000d\000o\000w\000n\000,\000\040\000s\000c\000r\000o\000l\000l\000\137\000s\000e\000l\000e\000c\000t\000e\000d\000\137\000b\000o\000o\000k\000m\000a\000r\000k\000\137\000u\000p\000>}{section.1}% 166
\BOOKMARK [2][-]{subsection.1.166}{\376\377\000<\000s\000e\000a\000r\000c\000h\000,\000\040\000c\000h\000a\000p\000t\000e\000r\000\137\000s\000e\000a\000r\000c\000h\000>}{section.1}% 167
\BOOKMARK [2][-]{subsection.1.167}{\376\377\000<\000s\000e\000a\000r\000c\000h\000\137\000a\000l\000l\000\137\000i\000n\000d\000e\000x\000e\000d\000\137\000d\000o\000c\000u\000m\000e\000n\000t\000s\000>}{section.1}% 168
\BOOKMARK [2][-]{subsection.1.168}{\376\377\000<\000s\000e\000l\000e\000c\000t\000\137\000c\000u\000r\000r\000e\000n\000t\000\137\000s\000e\000a\000r\000c\000h\000\137\000m\000a\000t\000c\000h\000>}{section.1}% 169
\BOOKMARK [2][-]{subsection.1.169}{\376\377\000<\000s\000e\000l\000e\000c\000t\000\137\000f\000r\000e\000e\000h\000a\000n\000d\000\137\000d\000r\000a\000w\000i\000n\000g\000s\000>}{section.1}% 170
\BOOKMARK [2][-]{subsection.1.170}{\376\377\000<\000s\000e\000l\000e\000c\000t\000\137\000r\000e\000c\000t\000>}{section.1}% 171
\BOOKMARK [2][-]{subsection.1.171}{\376\377\000<\000s\000e\000l\000e\000c\000t\000\137\000r\000u\000l\000e\000r\000\137\000t\000e\000x\000t\000>}{section.1}% 172
\BOOKMARK [2][-]{subsection.1.172}{\376\377\000<\000s\000e\000m\000a\000n\000t\000i\000c\000\137\000s\000e\000a\000r\000c\000h\000>}{section.1}% 173
\BOOKMARK [2][-]{subsection.1.173}{\376\377\000<\000s\000e\000m\000a\000n\000t\000i\000c\000\137\000s\000e\000a\000r\000c\000h\000\137\000e\000x\000t\000r\000a\000c\000t\000i\000v\000e\000>}{section.1}% 174
\BOOKMARK [2][-]{subsection.1.174}{\376\377\000<\000s\000e\000t\000\137\000f\000r\000e\000e\000h\000a\000n\000d\000\137\000a\000l\000p\000h\000a\000>}{section.1}% 175
\BOOKMARK [2][-]{subsection.1.175}{\376\377\000<\000s\000e\000t\000\137\000f\000r\000e\000e\000h\000a\000n\000d\000\137\000t\000h\000i\000c\000k\000n\000e\000s\000s\000>}{section.1}% 176
\BOOKMARK [2][-]{subsection.1.176}{\376\377\000<\000s\000e\000t\000\137\000f\000r\000e\000e\000h\000a\000n\000d\000\137\000t\000y\000p\000e\000>}{section.1}% 177
\BOOKMARK [2][-]{subsection.1.177}{\376\377\000<\000s\000e\000t\000\137\000m\000a\000r\000k\000>}{section.1}% 178
\BOOKMARK [2][-]{subsection.1.178}{\376\377\000<\000s\000e\000t\000\137\000p\000a\000g\000e\000\137\000o\000f\000f\000s\000e\000t\000>}{section.1}% 179
\BOOKMARK [2][-]{subsection.1.179}{\376\377\000<\000s\000e\000t\000\137\000s\000e\000l\000e\000c\000t\000\137\000h\000i\000g\000h\000l\000i\000g\000h\000t\000\137\000t\000y\000p\000e\000>}{section.1}% 180
\BOOKMARK [2][-]{subsection.1.180}{\376\377\000<\000s\000e\000t\000\137\000s\000t\000a\000t\000u\000s\000\137\000s\000t\000r\000i\000n\000g\000,\000\040\000c\000l\000e\000a\000r\000\137\000s\000t\000a\000t\000u\000s\000\137\000s\000t\000r\000i\000n\000g\000>}{section.1}% 181
\BOOKMARK [2][-]{subsection.1.181}{\376\377\000<\000s\000e\000t\000\137\000v\000i\000e\000w\000\137\000s\000t\000a\000t\000e\000>}{section.1}% 182
\BOOKMARK [2][-]{subsection.1.182}{\376\377\000<\000s\000h\000o\000w\000\137\000c\000o\000n\000t\000e\000x\000t\000\137\000m\000e\000n\000u\000>}{section.1}% 183
\BOOKMARK [2][-]{subsection.1.183}{\376\377\000<\000s\000h\000o\000w\000\137\000c\000u\000s\000t\000o\000m\000\137\000c\000o\000n\000t\000e\000x\000t\000\137\000m\000e\000n\000u\000>}{section.1}% 184
\BOOKMARK [2][-]{subsection.1.184}{\376\377\000<\000s\000h\000o\000w\000\137\000c\000u\000s\000t\000o\000m\000\137\000o\000p\000t\000i\000o\000n\000s\000>}{section.1}% 185
\BOOKMARK [2][-]{subsection.1.185}{\376\377\000<\000s\000h\000o\000w\000\137\000t\000e\000x\000t\000\137\000p\000r\000o\000m\000p\000t\000>}{section.1}% 186
\BOOKMARK [2][-]{subsection.1.186}{\376\377\000<\000s\000h\000o\000w\000\137\000t\000o\000u\000c\000h\000\137\000d\000r\000a\000w\000\137\000c\000o\000n\000t\000r\000o\000l\000s\000>}{section.1}% 187
\BOOKMARK [2][-]{subsection.1.187}{\376\377\000<\000s\000h\000o\000w\000\137\000t\000o\000u\000c\000h\000\137\000h\000i\000g\000h\000l\000i\000g\000h\000t\000\137\000t\000y\000p\000e\000\137\000s\000e\000l\000e\000c\000t\000>}{section.1}% 188
\BOOKMARK [2][-]{subsection.1.188}{\376\377\000<\000s\000h\000o\000w\000\137\000t\000o\000u\000c\000h\000\137\000m\000a\000i\000n\000\137\000m\000e\000n\000u\000>}{section.1}% 189
\BOOKMARK [2][-]{subsection.1.189}{\376\377\000<\000s\000h\000o\000w\000\137\000t\000o\000u\000c\000h\000\137\000p\000a\000g\000e\000\137\000s\000e\000l\000e\000c\000t\000>}{section.1}% 190
\BOOKMARK [2][-]{subsection.1.190}{\376\377\000<\000s\000h\000o\000w\000\137\000t\000o\000u\000c\000h\000\137\000s\000e\000t\000t\000i\000n\000g\000s\000\137\000m\000e\000n\000u\000>}{section.1}% 191
\BOOKMARK [2][-]{subsection.1.191}{\376\377\000<\000s\000h\000o\000w\000\137\000t\000o\000u\000c\000h\000\137\000u\000i\000\137\000f\000o\000r\000\137\000c\000o\000n\000f\000i\000g\000>}{section.1}% 192
\BOOKMARK [2][-]{subsection.1.192}{\376\377\000<\000s\000m\000a\000r\000t\000\137\000j\000u\000m\000p\000\137\000u\000n\000d\000e\000r\000\137\000c\000u\000r\000s\000o\000r\000>}{section.1}% 193
\BOOKMARK [2][-]{subsection.1.193}{\376\377\000<\000m\000o\000v\000e\000\137\000d\000o\000w\000n\000\137\000s\000m\000o\000o\000t\000h\000,\000\040\000m\000o\000v\000e\000\137\000u\000p\000\137\000s\000m\000o\000o\000t\000h\000>}{section.1}% 194
\BOOKMARK [2][-]{subsection.1.194}{\376\377\000<\000s\000t\000a\000r\000t\000\137\000m\000o\000b\000i\000l\000e\000\137\000t\000e\000x\000t\000\137\000s\000e\000l\000e\000c\000t\000i\000o\000n\000\137\000a\000t\000\137\000p\000o\000i\000n\000t\000>}{section.1}% 195
\BOOKMARK [2][-]{subsection.1.195}{\376\377\000<\000s\000t\000a\000r\000t\000\137\000r\000e\000a\000d\000i\000n\000g\000,\000\040\000s\000t\000o\000p\000\137\000r\000e\000a\000d\000i\000n\000g\000>}{section.1}% 196
\BOOKMARK [2][-]{subsection.1.196}{\376\377\000<\000s\000t\000a\000r\000t\000\137\000r\000e\000a\000d\000i\000n\000g\000\137\000h\000i\000g\000h\000\137\000q\000u\000a\000l\000i\000t\000y\000>}{section.1}% 197
\BOOKMARK [2][-]{subsection.1.197}{\376\377\000<\000s\000y\000n\000c\000h\000r\000o\000n\000i\000z\000e\000>}{section.1}% 198
\BOOKMARK [2][-]{subsection.1.198}{\376\377\000<\000s\000y\000n\000c\000t\000e\000x\000\137\000f\000o\000r\000w\000a\000r\000d\000\137\000s\000e\000a\000r\000c\000h\000>}{section.1}% 199
\BOOKMARK [2][-]{subsection.1.199}{\376\377\000<\000s\000y\000n\000c\000t\000e\000x\000\137\000u\000n\000d\000e\000r\000\137\000c\000u\000r\000s\000o\000r\000>}{section.1}% 200
\BOOKMARK [2][-]{subsection.1.200}{\376\377\000<\000s\000y\000n\000c\000t\000e\000x\000\137\000u\000n\000d\000e\000r\000\137\000r\000u\000l\000e\000r\000>}{section.1}% 201
\BOOKMARK [2][-]{subsection.1.201}{\376\377\000<\000s\000y\000n\000c\000\137\000c\000u\000r\000r\000e\000n\000t\000\137\000f\000i\000l\000e\000\137\000l\000o\000c\000a\000t\000i\000o\000n\000>}{section.1}% 202
\BOOKMARK [2][-]{subsection.1.202}{\376\377\000<\000t\000e\000s\000t\000\137\000c\000o\000m\000m\000a\000n\000d\000,\000\040\000e\000x\000p\000o\000r\000t\000\137\000c\000o\000n\000f\000i\000g\000\137\000n\000a\000m\000e\000s\000,\000\040\000o\000p\000e\000n\000\137\000s\000e\000l\000e\000c\000t\000e\000d\000\137\000u\000r\000l\000,\000\040\000t\000o\000g\000g\000l\000e\000\137\000s\000m\000o\000o\000t\000h\000\137\000s\000c\000r\000o\000l\000l\000\137\000m\000o\000d\000e\000,\000\040\000e\000x\000p\000o\000r\000t\000\137\000p\000y\000t\000h\000o\000n\000\137\000a\000p\000i\000,\000\040\000p\000r\000i\000n\000t\000\137\000u\000n\000d\000o\000c\000u\000m\000e\000n\000t\000e\000d\000\137\000c\000o\000m\000m\000a\000n\000d\000s\000,\000\040\000p\000r\000i\000n\000t\000\137\000n\000o\000n\000\137\000d\000e\000f\000a\000u\000l\000t\000\137\000c\000o\000n\000f\000i\000g\000s\000,\000\040\000e\000x\000p\000o\000r\000t\000\137\000d\000e\000f\000a\000u\000l\000t\000\137\000c\000o\000n\000f\000i\000g\000\137\000f\000i\000l\000e\000,\000\040\000u\000n\000r\000e\000g\000i\000s\000t\000e\000r\000\137\000u\000r\000l\000\137\000h\000a\000n\000d\000l\000e\000r\000,\000\040\000t\000o\000g\000g\000l\000e\000\137\000o\000n\000e\000\137\000w\000i\000n\000d\000o\000w\000,\000\040\000r\000e\000g\000i\000s\000t\000e\000r\000\137\000u\000r\000l\000\137\000h\000a\000n\000d\000l\000e\000r\000,\000\040\000e\000x\000p\000o\000r\000t\000\137\000c\000o\000m\000m\000a\000n\000d\000\137\000n\000a\000m\000e\000s\000,\000\040\000g\000o\000t\000o\000\137\000b\000e\000g\000i\000n\000i\000n\000g\000,\000\040\000s\000e\000n\000d\000\137\000s\000y\000m\000b\000o\000l\000,\000\040\000o\000p\000e\000n\000\137\000a\000l\000l\000\137\000d\000o\000c\000s\000,\000\040\000p\000r\000i\000n\000t\000\137\000u\000n\000d\000o\000c\000u\000m\000e\000n\000t\000e\000d\000\137\000c\000o\000n\000f\000i\000g\000s\000,\000\040\000t\000o\000g\000g\000l\000e\000\137\000s\000h\000o\000w\000\137\000l\000a\000s\000t\000\137\000c\000o\000m\000m\000a\000n\000d\000,\000\040\000m\000o\000v\000e\000\137\000s\000e\000l\000e\000c\000t\000e\000d\000\137\000b\000o\000o\000k\000m\000a\000r\000k\000,\000\040\000t\000y\000p\000e\000\137\000t\000e\000x\000t\000>}{section.1}% 203
\BOOKMARK [2][-]{subsection.1.203}{\376\377\000<\000t\000o\000g\000g\000l\000e\000\137\000t\000e\000x\000t\000\137\000m\000a\000r\000k\000,\000\040\000m\000o\000v\000e\000\137\000t\000e\000x\000t\000\137\000m\000a\000r\000k\000\137\000f\000o\000r\000w\000a\000r\000d\000,\000\040\000m\000o\000v\000e\000\137\000t\000e\000x\000t\000\137\000m\000a\000r\000k\000\137\000b\000a\000c\000k\000w\000a\000r\000d\000,\000\040\000m\000o\000v\000e\000\137\000t\000e\000x\000t\000\137\000m\000a\000r\000k\000\137\000f\000o\000r\000w\000a\000r\000d\000\137\000w\000o\000r\000d\000,\000\040\000m\000o\000v\000e\000\137\000t\000e\000x\000t\000\137\000m\000a\000r\000k\000\137\000b\000a\000c\000k\000w\000a\000r\000d\000\137\000w\000o\000r\000d\000,\000\040\000m\000o\000v\000e\000\137\000t\000e\000x\000t\000\137\000m\000a\000r\000k\000\137\000d\000o\000w\000n\000,\000\040\000m\000o\000v\000e\000\137\000t\000e\000x\000t\000\137\000m\000a\000r\000k\000\137\000u\000p\000>}{section.1}% 204
\BOOKMARK [2][-]{subsection.1.204}{\376\377\000<\000t\000o\000g\000g\000l\000e\000\137\000c\000u\000s\000t\000o\000m\000\137\000c\000o\000l\000o\000r\000>}{section.1}% 205
\BOOKMARK [2][-]{subsection.1.205}{\376\377\000<\000t\000o\000g\000g\000l\000e\000\137\000d\000a\000r\000k\000\137\000m\000o\000d\000e\000>}{section.1}% 206
\BOOKMARK [2][-]{subsection.1.206}{\376\377\000<\000t\000o\000g\000g\000l\000e\000\137\000d\000r\000a\000w\000i\000n\000g\000\137\000m\000a\000s\000k\000>}{section.1}% 207
\BOOKMARK [2][-]{subsection.1.207}{\376\377\000<\000t\000o\000g\000g\000l\000e\000\137\000f\000a\000s\000t\000r\000e\000a\000d\000>}{section.1}% 208
\BOOKMARK [2][-]{subsection.1.208}{\376\377\000<\000t\000o\000g\000g\000l\000e\000\137\000f\000r\000e\000e\000h\000a\000n\000d\000\137\000d\000r\000a\000w\000i\000n\000g\000\137\000m\000o\000d\000e\000>}{section.1}% 209
\BOOKMARK [2][-]{subsection.1.209}{\376\377\000<\000t\000o\000g\000g\000l\000e\000\137\000f\000u\000l\000l\000s\000c\000r\000e\000e\000n\000>}{section.1}% 210
\BOOKMARK [2][-]{subsection.1.210}{\376\377\000<\000t\000o\000g\000g\000l\000e\000\137\000h\000i\000g\000h\000l\000i\000g\000h\000t\000\137\000l\000i\000n\000k\000s\000>}{section.1}% 211
\BOOKMARK [2][-]{subsection.1.211}{\376\377\000<\000t\000o\000g\000g\000l\000e\000\137\000h\000o\000r\000i\000z\000o\000n\000t\000a\000l\000\137\000s\000c\000r\000o\000l\000l\000\137\000l\000o\000c\000k\000>}{section.1}% 212
\BOOKMARK [2][-]{subsection.1.212}{\376\377\000<\000t\000o\000g\000g\000l\000e\000\137\000l\000i\000n\000e\000\137\000s\000e\000l\000e\000c\000t\000\137\000c\000u\000r\000s\000o\000r\000>}{section.1}% 213
\BOOKMARK [2][-]{subsection.1.213}{\376\377\000<\000t\000o\000g\000g\000l\000e\000\137\000m\000e\000n\000u\000\137\000c\000o\000l\000l\000a\000p\000s\000e\000>}{section.1}% 214
\BOOKMARK [2][-]{subsection.1.214}{\376\377\000<\000t\000o\000g\000g\000l\000e\000\137\000m\000o\000u\000s\000e\000\137\000d\000r\000a\000g\000\137\000m\000o\000d\000e\000>}{section.1}% 215
\BOOKMARK [2][-]{subsection.1.215}{\376\377\000<\000t\000o\000g\000g\000l\000e\000\137\000p\000d\000f\000\137\000a\000n\000n\000o\000t\000a\000t\000i\000o\000n\000s\000>}{section.1}% 216
\BOOKMARK [2][-]{subsection.1.216}{\376\377\000<\000t\000o\000g\000g\000l\000e\000\137\000p\000e\000n\000\137\000d\000r\000a\000w\000i\000n\000g\000\137\000m\000o\000d\000e\000>}{section.1}% 217
\BOOKMARK [2][-]{subsection.1.217}{\376\377\000<\000t\000o\000g\000g\000l\000e\000\137\000p\000r\000e\000s\000e\000n\000t\000a\000t\000i\000o\000n\000\137\000m\000o\000d\000e\000,\000\040\000t\000u\000r\000n\000\137\000o\000n\000\137\000p\000r\000e\000s\000e\000n\000t\000a\000t\000i\000o\000n\000\137\000m\000o\000d\000e\000>}{section.1}% 218
\BOOKMARK [2][-]{subsection.1.218}{\376\377\000<\000t\000o\000g\000g\000l\000e\000\137\000r\000e\000a\000d\000i\000n\000g\000>}{section.1}% 219
\BOOKMARK [2][-]{subsection.1.219}{\376\377\000<\000t\000o\000g\000g\000l\000e\000\137\000r\000e\000c\000t\000\137\000h\000i\000n\000t\000s\000>}{section.1}% 220
\BOOKMARK [2][-]{subsection.1.220}{\376\377\000<\000t\000o\000g\000g\000l\000e\000\137\000r\000u\000l\000e\000r\000\137\000s\000c\000r\000o\000l\000l\000\137\000m\000o\000d\000e\000,\000\040\000t\000o\000g\000g\000l\000e\000\137\000v\000i\000s\000u\000a\000l\000\137\000s\000c\000r\000o\000l\000l\000>}{section.1}% 221
\BOOKMARK [2][-]{subsection.1.221}{\376\377\000<\000t\000o\000g\000g\000l\000e\000\137\000s\000c\000r\000a\000t\000c\000h\000p\000a\000d\000\137\000m\000o\000d\000e\000>}{section.1}% 222
\BOOKMARK [2][-]{subsection.1.222}{\376\377\000<\000t\000o\000g\000g\000l\000e\000\137\000s\000c\000r\000o\000l\000l\000b\000a\000r\000>}{section.1}% 223
\BOOKMARK [2][-]{subsection.1.223}{\376\377\000<\000t\000o\000g\000g\000l\000e\000\137\000s\000e\000l\000e\000c\000t\000\137\000h\000i\000g\000h\000l\000i\000g\000h\000t\000>}{section.1}% 224
\BOOKMARK [2][-]{subsection.1.224}{\376\377\000<\000t\000o\000g\000g\000l\000e\000\137\000s\000t\000a\000t\000u\000s\000b\000a\000r\000>}{section.1}% 225
\BOOKMARK [2][-]{subsection.1.225}{\376\377\000<\000t\000o\000g\000g\000l\000e\000\137\000s\000y\000n\000c\000t\000e\000x\000,\000\040\000t\000u\000r\000n\000\137\000o\000n\000\137\000s\000y\000n\000c\000t\000e\000x\000>}{section.1}% 226
\BOOKMARK [2][-]{subsection.1.226}{\376\377\000<\000t\000o\000g\000g\000l\000e\000\137\000t\000i\000t\000l\000e\000b\000a\000r\000>}{section.1}% 227
\BOOKMARK [2][-]{subsection.1.227}{\376\377\000<\000t\000o\000g\000g\000l\000e\000\137\000t\000w\000o\000\137\000p\000a\000g\000e\000\137\000m\000o\000d\000e\000>}{section.1}% 228
\BOOKMARK [2][-]{subsection.1.228}{\376\377\000<\000t\000o\000g\000g\000l\000e\000\137\000t\000y\000p\000i\000n\000g\000\137\000m\000o\000d\000e\000>}{section.1}% 229
\BOOKMARK [2][-]{subsection.1.229}{\376\377\000<\000t\000o\000g\000g\000l\000e\000\137\000w\000i\000n\000d\000o\000w\000\137\000c\000o\000n\000f\000i\000g\000u\000r\000a\000t\000i\000o\000n\000>}{section.1}% 230
\BOOKMARK [2][-]{subsection.1.230}{\376\377\000<\000t\000u\000r\000n\000\137\000o\000n\000\137\000a\000l\000l\000\137\000d\000r\000a\000w\000i\000n\000g\000s\000,\000\040\000t\000u\000r\000n\000\137\000o\000f\000f\000\137\000a\000l\000l\000\137\000d\000r\000a\000w\000i\000n\000g\000s\000>}{section.1}% 231
\BOOKMARK [2][-]{subsection.1.231}{\376\377\000<\000u\000n\000d\000o\000\137\000d\000e\000l\000e\000t\000e\000>}{section.1}% 232
\BOOKMARK [2][-]{subsection.1.232}{\376\377\000<\000u\000n\000d\000o\000\137\000d\000r\000a\000w\000i\000n\000g\000>}{section.1}% 233
\BOOKMARK [2][-]{subsection.1.233}{\376\377\000<\000u\000p\000l\000o\000a\000d\000\137\000c\000u\000r\000r\000e\000n\000t\000\137\000f\000i\000l\000e\000>}{section.1}% 234
\BOOKMARK [2][-]{subsection.1.234}{\376\377\000<\000w\000a\000i\000t\000>}{section.1}% 235
\BOOKMARK [2][-]{subsection.1.235}{\376\377\000<\000w\000a\000i\000t\000\137\000f\000o\000r\000\137\000r\000e\000n\000d\000e\000r\000s\000\137\000t\000o\000\137\000f\000i\000n\000i\000s\000h\000,\000\040\000w\000a\000i\000t\000\137\000f\000o\000r\000\137\000s\000e\000a\000r\000c\000h\000\137\000t\000o\000\137\000f\000i\000n\000i\000s\000h\000,\000\040\000w\000a\000i\000t\000\137\000f\000o\000r\000\137\000i\000n\000d\000e\000x\000i\000n\000g\000\137\000t\000o\000\137\000f\000i\000n\000i\000s\000h\000,\000\040\000w\000a\000i\000t\000\137\000f\000o\000r\000\137\000d\000o\000w\000n\000l\000o\000a\000d\000s\000\137\000t\000o\000\137\000f\000i\000n\000i\000s\000h\000>}{section.1}% 236
\BOOKMARK [2][-]{subsection.1.236}{\376\377\000<\000w\000r\000i\000t\000e\000\137\000a\000n\000n\000o\000t\000a\000t\000i\000o\000n\000s\000\137\000f\000i\000l\000e\000>}{section.1}% 237
\BOOKMARK [2][-]{subsection.1.237}{\376\377\000<\000z\000o\000o\000m\000\137\000i\000n\000,\000\040\000z\000o\000o\000m\000\137\000o\000u\000t\000,\000\040\000z\000o\000o\000m\000\137\000i\000n\000\137\000c\000u\000r\000s\000o\000r\000,\000\040\000z\000o\000o\000m\000\137\000o\000u\000t\000\137\000c\000u\000r\000s\000o\000r\000>}{section.1}% 238
\BOOKMARK [2][-]{subsection.1.238}{\376\377\000<\000z\000o\000o\000m\000\137\000i\000n\000\137\000o\000v\000e\000r\000v\000i\000e\000w\000,\000\040\000z\000o\000o\000m\000\137\000o\000u\000t\000\137\000o\000v\000e\000r\000v\000i\000e\000w\000>}{section.1}% 239
\BOOKMARK [1][-]{section.2}{\376\377\000C\000o\000n\000f\000i\000g\000s}{}% 240
\BOOKMARK [2][-]{subsection.2.1}{\376\377\000<\000[\000<\000b\000o\000o\000l\000>\000]\000>\000\040\000<\000a\000d\000j\000u\000s\000t\000\137\000a\000n\000n\000o\000t\000a\000t\000i\000o\000n\000\137\000c\000o\000l\000o\000r\000s\000\137\000f\000o\000r\000\137\000d\000a\000r\000k\000\137\000m\000o\000d\000e\000>}{section.2}% 241
\BOOKMARK [2][-]{subsection.2.2}{\376\377\000<\000[\000<\000b\000o\000o\000l\000>\000]\000>\000\040\000<\000a\000l\000i\000g\000n\000\137\000l\000i\000n\000k\000\137\000d\000e\000s\000t\000\137\000t\000o\000\137\000t\000o\000p\000>}{section.2}% 242
\BOOKMARK [2][-]{subsection.2.3}{\376\377\000<\000[\000<\000b\000o\000o\000l\000>\000]\000>\000\040\000<\000a\000l\000l\000o\000w\000\137\000h\000o\000r\000i\000z\000o\000n\000t\000a\000l\000\137\000d\000r\000a\000g\000\137\000w\000h\000e\000n\000\137\000d\000o\000c\000u\000m\000e\000n\000t\000\137\000i\000s\000\137\000s\000m\000a\000l\000l\000>}{section.2}% 243
\BOOKMARK [2][-]{subsection.2.4}{\376\377\000<\000[\000<\000b\000o\000o\000l\000>\000]\000>\000\040\000<\000a\000l\000l\000o\000w\000\137\000m\000a\000i\000n\000\137\000v\000i\000e\000w\000\137\000s\000c\000r\000o\000l\000l\000\137\000w\000h\000i\000l\000e\000\137\000i\000n\000\137\000o\000v\000e\000r\000v\000i\000e\000w\000>}{section.2}% 244
\BOOKMARK [2][-]{subsection.2.5}{\376\377\000<\000[\000<\000s\000t\000r\000i\000n\000g\000>\000]\000>\000\040\000<\000a\000n\000n\000o\000t\000a\000t\000i\000o\000n\000s\000\137\000d\000i\000r\000e\000c\000t\000o\000r\000y\000>}{section.2}% 245
\BOOKMARK [2][-]{subsection.2.6}{\376\377\000<\000[\000<\000b\000o\000o\000l\000>\000]\000>\000\040\000<\000a\000u\000t\000o\000c\000e\000n\000t\000e\000r\000\137\000r\000u\000l\000e\000r\000>}{section.2}% 246
\BOOKMARK [2][-]{subsection.2.7}{\376\377\000<\000[\000<\000b\000o\000o\000l\000>\000]\000>\000\040\000<\000a\000u\000t\000o\000m\000a\000t\000i\000c\000a\000l\000l\000y\000\137\000d\000o\000w\000n\000l\000o\000a\000d\000\137\000m\000a\000t\000c\000h\000i\000n\000g\000\137\000p\000a\000p\000e\000r\000\137\000n\000a\000m\000e\000>}{section.2}% 247
\BOOKMARK [2][-]{subsection.2.8}{\376\377\000<\000[\000<\000b\000o\000o\000l\000>\000]\000>\000\040\000<\000a\000u\000t\000o\000m\000a\000t\000i\000c\000a\000l\000l\000y\000\137\000i\000n\000d\000e\000x\000\137\000d\000o\000c\000u\000m\000e\000n\000t\000s\000\137\000f\000o\000r\000\137\000f\000u\000l\000l\000t\000e\000x\000t\000\137\000s\000e\000a\000r\000c\000h\000>}{section.2}% 248
\BOOKMARK [2][-]{subsection.2.9}{\376\377\000<\000[\000<\000b\000o\000o\000l\000>\000]\000>\000\040\000<\000a\000u\000t\000o\000m\000a\000t\000i\000c\000a\000l\000l\000y\000\137\000u\000p\000d\000a\000t\000e\000\137\000c\000h\000e\000c\000k\000s\000u\000m\000\137\000w\000h\000e\000n\000\137\000d\000o\000c\000u\000m\000e\000n\000t\000\137\000i\000s\000\137\000c\000h\000a\000n\000g\000e\000d\000>}{section.2}% 249
\BOOKMARK [2][-]{subsection.2.10}{\376\377\000<\000[\000<\000b\000o\000o\000l\000>\000]\000>\000\040\000<\000a\000u\000t\000o\000m\000a\000t\000i\000c\000a\000l\000l\000y\000\137\000u\000p\000l\000o\000a\000d\000\137\000p\000o\000r\000t\000a\000l\000\137\000d\000e\000s\000t\000i\000n\000a\000t\000i\000o\000n\000\137\000f\000o\000r\000\137\000s\000y\000n\000c\000e\000d\000\137\000d\000o\000c\000u\000m\000e\000n\000t\000s\000>}{section.2}% 250
\BOOKMARK [2][-]{subsection.2.11}{\376\377\000<\000[\000<\000b\000o\000o\000l\000>\000]\000>\000\040\000<\000a\000u\000t\000o\000\137\000l\000o\000g\000i\000n\000\137\000o\000n\000\137\000s\000t\000a\000r\000t\000u\000p\000>}{section.2}% 251
\BOOKMARK [2][-]{subsection.2.12}{\376\377\000<\000[\000<\000b\000o\000o\000l\000>\000]\000>\000\040\000<\000a\000u\000t\000o\000\137\000r\000e\000n\000a\000m\000e\000\137\000d\000o\000w\000n\000l\000o\000a\000d\000e\000d\000\137\000p\000a\000p\000e\000r\000s\000>}{section.2}% 252
\BOOKMARK [2][-]{subsection.2.13}{\376\377\000<\000[\000<\000i\000n\000t\000>\000]\000>\000\040\000<\000b\000a\000c\000k\000g\000r\000o\000u\000n\000d\000\137\000b\000o\000o\000k\000m\000a\000r\000k\000s\000\137\000p\000i\000x\000e\000l\000\137\000b\000u\000d\000g\000e\000t\000>}{section.2}% 253
\BOOKMARK [2][-]{subsection.2.14}{\376\377\000<\000[\000<\000c\000o\000l\000o\000r\0003\000>\000]\000>\000\040\000<\000b\000a\000c\000k\000g\000r\000o\000u\000n\000d\000\137\000c\000o\000l\000o\000r\000,\000\040\000c\000u\000s\000t\000o\000m\000\137\000c\000o\000l\000o\000r\000\137\000m\000o\000d\000e\000\137\000e\000m\000p\000t\000y\000\137\000b\000a\000c\000k\000g\000r\000o\000u\000n\000d\000\137\000c\000o\000l\000o\000r\000,\000\040\000d\000a\000r\000k\000\137\000m\000o\000d\000e\000\137\000b\000a\000c\000k\000g\000r\000o\000u\000n\000d\000\137\000c\000o\000l\000o\000r\000>}{section.2}% 254
\BOOKMARK [2][-]{subsection.2.15}{\376\377\000<\000[\000<\000f\000l\000o\000a\000t\000>\000]\000>\000\040\000<\000b\000o\000x\000\137\000h\000i\000g\000h\000l\000i\000g\000h\000t\000\137\000b\000o\000o\000k\000m\000a\000r\000k\000\137\000t\000r\000a\000n\000s\000p\000a\000r\000e\000n\000c\000y\000>}{section.2}% 255
\BOOKMARK [2][-]{subsection.2.16}{\376\377\000<\000[\000<\000b\000o\000o\000l\000>\000]\000>\000\040\000<\000c\000a\000s\000e\000\137\000s\000e\000n\000s\000i\000t\000i\000v\000e\000\137\000s\000e\000a\000r\000c\000h\000>}{section.2}% 256
\BOOKMARK [2][-]{subsection.2.17}{\376\377\000<\000[\000<\000b\000o\000o\000l\000>\000]\000>\000\040\000<\000c\000h\000e\000c\000k\000\137\000f\000o\000r\000\137\000u\000p\000d\000a\000t\000e\000s\000\137\000o\000n\000\137\000s\000t\000a\000r\000t\000u\000p\000>}{section.2}% 257
\BOOKMARK [2][-]{subsection.2.18}{\376\377\000<\000[\000<\000s\000t\000r\000i\000n\000g\000>\000]\000>\000\040\000<\000s\000h\000i\000f\000t\000\137\000c\000l\000i\000c\000k\000\137\000c\000o\000m\000m\000a\000n\000d\000,\000\040\000c\000o\000n\000t\000r\000o\000l\000\137\000c\000l\000i\000c\000k\000\137\000c\000o\000m\000m\000a\000n\000d\000,\000\040\000c\000o\000m\000m\000a\000n\000d\000\137\000c\000l\000i\000c\000k\000\137\000c\000o\000m\000m\000a\000n\000d\000,\000\040\000h\000o\000l\000d\000\137\000m\000i\000d\000d\000l\000e\000\137\000c\000l\000i\000c\000k\000\137\000c\000o\000m\000m\000a\000n\000d\000,\000\040\000t\000a\000b\000l\000e\000t\000\137\000p\000e\000n\000\137\000c\000l\000i\000c\000k\000\137\000c\000o\000m\000m\000a\000n\000d\000,\000\040\000t\000a\000b\000l\000e\000t\000\137\000p\000e\000n\000\137\000d\000o\000u\000b\000l\000e\000\137\000c\000l\000i\000c\000k\000\137\000c\000o\000m\000m\000a\000n\000d\000,\000\040\000r\000i\000g\000h\000t\000\137\000c\000l\000i\000c\000k\000\137\000c\000o\000m\000m\000a\000n\000d\000,\000\040\000m\000i\000d\000d\000l\000e\000\137\000c\000l\000i\000c\000k\000\137\000c\000o\000m\000m\000a\000n\000d\000,\000\040\000s\000h\000i\000f\000t\000\137\000m\000i\000d\000d\000l\000e\000\137\000c\000l\000i\000c\000k\000\137\000c\000o\000m\000m\000a\000n\000d\000,\000\040\000c\000o\000n\000t\000r\000o\000l\000\137\000m\000i\000d\000d\000l\000e\000\137\000c\000l\000i\000c\000k\000\137\000c\000o\000m\000m\000a\000n\000d\000,\000\040\000c\000o\000m\000m\000a\000n\000d\000\137\000m\000i\000d\000d\000l\000e\000\137\000c\000l\000i\000c\000k\000\137\000c\000o\000m\000m\000a\000n\000d\000,\000\040\000a\000l\000t\000\137\000m\000i\000d\000d\000l\000e\000\137\000c\000l\000i\000c\000k\000\137\000c\000o\000m\000m\000a\000n\000d\000,\000\040\000s\000h\000i\000f\000t\000\137\000r\000i\000g\000h\000t\000\137\000c\000l\000i\000c\000k\000\137\000c\000o\000m\000m\000a\000n\000d\000,\000\040\000c\000o\000n\000t\000r\000o\000l\000\137\000r\000i\000g\000h\000t\000\137\000c\000l\000i\000c\000k\000\137\000c\000o\000m\000m\000a\000n\000d\000,\000\040\000c\000o\000m\000m\000a\000n\000d\000\137\000r\000i\000g\000h\000t\000\137\000c\000l\000i\000c\000k\000\137\000c\000o\000m\000m\000a\000n\000d\000,\000\040\000a\000l\000t\000\137\000c\000l\000i\000c\000k\000\137\000c\000o\000m\000m\000a\000n\000d\000,\000\040\000a\000l\000t\000\137\000r\000i\000g\000h\000t\000\137\000c\000l\000i\000c\000k\000\137\000c\000o\000m\000m\000a\000n\000d\000>}{section.2}% 258
\BOOKMARK [2][-]{subsection.2.19}{\376\377\000<\000[\000<\000b\000o\000o\000l\000>\000]\000>\000\040\000<\000c\000o\000l\000l\000a\000p\000s\000e\000d\000\137\000t\000o\000c\000>}{section.2}% 259
\BOOKMARK [2][-]{subsection.2.20}{\376\377\000<\000[\000<\000s\000t\000r\000i\000n\000g\000>\000]\000>\000\040\000<\000c\000o\000n\000t\000e\000x\000t\000\137\000m\000e\000n\000u\000\137\000i\000t\000e\000m\000s\000,\000\040\000c\000o\000n\000t\000e\000x\000t\000\137\000m\000e\000n\000u\000\137\000i\000t\000e\000m\000s\000\137\000f\000o\000r\000\137\000l\000i\000n\000k\000s\000,\000\040\000c\000o\000n\000t\000e\000x\000t\000\137\000m\000e\000n\000u\000\137\000i\000t\000e\000m\000s\000\137\000f\000o\000r\000\137\000s\000e\000l\000e\000c\000t\000e\000d\000\137\000t\000e\000x\000t\000,\000\040\000c\000o\000n\000t\000e\000x\000t\000\137\000m\000e\000n\000u\000\137\000i\000t\000e\000m\000s\000\137\000f\000o\000r\000\137\000h\000i\000g\000h\000l\000i\000g\000h\000t\000s\000,\000\040\000c\000o\000n\000t\000e\000x\000t\000\137\000m\000e\000n\000u\000\137\000i\000t\000e\000m\000s\000\137\000f\000o\000r\000\137\000b\000o\000o\000k\000m\000a\000r\000k\000s\000,\000\040\000c\000o\000n\000t\000e\000x\000t\000\137\000m\000e\000n\000u\000\137\000i\000t\000e\000m\000s\000\137\000f\000o\000r\000\137\000o\000v\000e\000r\000v\000i\000e\000w\000>}{section.2}% 260
\BOOKMARK [2][-]{subsection.2.21}{\376\377\000<\000[\000<\000b\000o\000o\000l\000>\000]\000>\000\040\000<\000c\000r\000e\000a\000t\000e\000\137\000t\000a\000b\000l\000e\000\137\000o\000f\000\137\000c\000o\000n\000t\000e\000n\000t\000s\000\137\000i\000f\000\137\000n\000o\000t\000\137\000e\000x\000i\000s\000t\000s\000>}{section.2}% 261
\BOOKMARK [2][-]{subsection.2.22}{\376\377\000<\000[\000<\000f\000l\000o\000a\000t\000>\000]\000>\000\040\000<\000c\000u\000s\000t\000o\000m\000\137\000c\000o\000l\000o\000r\000\137\000c\000o\000n\000t\000r\000a\000s\000t\000>}{section.2}% 262
\BOOKMARK [2][-]{subsection.2.23}{\376\377\000<\000[\000<\000c\000o\000l\000o\000r\0003\000>\000]\000>\000\040\000<\000c\000u\000s\000t\000o\000m\000\137\000t\000e\000x\000t\000\137\000c\000o\000l\000o\000r\000,\000\040\000c\000u\000s\000t\000o\000m\000\137\000b\000a\000c\000k\000g\000r\000o\000u\000n\000d\000\137\000c\000o\000l\000o\000r\000>}{section.2}% 263
\BOOKMARK [2][-]{subsection.2.24}{\376\377\000<\000[\000<\000f\000l\000o\000a\000t\000>\000]\000>\000\040\000<\000d\000a\000r\000k\000\137\000m\000o\000d\000e\000\137\000c\000o\000n\000t\000r\000a\000s\000t\000>}{section.2}% 264
\BOOKMARK [2][-]{subsection.2.25}{\376\377\000<\000[\000<\000s\000t\000r\000i\000n\000g\000>\000]\000>\000\040\000<\000d\000e\000f\000a\000u\000l\000t\000\137\000o\000p\000e\000n\000\137\000f\000i\000l\000e\000\137\000p\000a\000t\000h\000>}{section.2}% 265
\BOOKMARK [2][-]{subsection.2.26}{\376\377\000<\000[\000<\000i\000n\000t\000>\000]\000>\000\040\000<\000d\000o\000c\000u\000m\000e\000n\000t\000a\000t\000i\000o\000n\000\137\000f\000o\000n\000t\000\137\000s\000i\000z\000e\000>}{section.2}% 266
\BOOKMARK [2][-]{subsection.2.27}{\376\377\000<\000[\000<\000s\000t\000r\000i\000n\000g\000>\000]\000>\000\040\000<\000d\000o\000c\000u\000m\000e\000n\000t\000\137\000l\000o\000c\000a\000t\000i\000o\000n\000\137\000m\000i\000s\000m\000a\000t\000c\000h\000\137\000s\000t\000r\000a\000t\000e\000g\000y\000>}{section.2}% 267
\BOOKMARK [2][-]{subsection.2.28}{\376\377\000<\000[\000<\000b\000o\000o\000l\000>\000]\000>\000\040\000<\000d\000o\000n\000t\000\137\000c\000e\000n\000t\000e\000r\000\137\000i\000f\000\137\000s\000y\000n\000c\000t\000e\000x\000\137\000r\000e\000c\000t\000\137\000i\000s\000\137\000v\000i\000s\000i\000b\000l\000e\000>}{section.2}% 268
\BOOKMARK [2][-]{subsection.2.29}{\376\377\000<\000[\000<\000s\000t\000r\000i\000n\000g\000>\000]\000>\000\040\000<\000e\000p\000u\000b\000\137\000c\000s\000s\000>}{section.2}% 269
\BOOKMARK [2][-]{subsection.2.30}{\376\377\000<\000[\000<\000i\000n\000t\000>\000]\000>\000\040\000<\000e\000p\000u\000b\000\137\000w\000i\000d\000t\000h\000,\000\040\000e\000p\000u\000b\000\137\000h\000e\000i\000g\000h\000t\000,\000\040\000e\000p\000u\000b\000\137\000f\000o\000n\000t\000\137\000s\000i\000z\000e\000>}{section.2}% 270
\BOOKMARK [2][-]{subsection.2.31}{\376\377\000<\000[\000<\000b\000o\000o\000l\000>\000]\000>\000\040\000<\000e\000x\000a\000c\000t\000\137\000h\000i\000g\000h\000l\000i\000g\000h\000t\000\137\000s\000e\000l\000e\000c\000t\000>}{section.2}% 271
\BOOKMARK [2][-]{subsection.2.32}{\376\377\000<\000[\000<\000s\000t\000r\000i\000n\000g\000>\000]\000>\000\040\000<\000e\000x\000t\000e\000r\000n\000a\000l\000\137\000t\000e\000x\000t\000\137\000e\000d\000i\000t\000o\000r\000\137\000c\000o\000m\000m\000a\000n\000d\000>}{section.2}% 272
\BOOKMARK [2][-]{subsection.2.33}{\376\377\000<\000[\000<\000s\000t\000r\000i\000n\000g\000>\000]\000>\000\040\000<\000e\000x\000t\000r\000a\000c\000t\000\137\000t\000a\000b\000l\000e\000\137\000p\000r\000o\000m\000p\000t\000>}{section.2}% 273
\BOOKMARK [2][-]{subsection.2.34}{\376\377\000<\000[\000<\000b\000o\000o\000l\000>\000]\000>\000\040\000<\000f\000i\000l\000l\000\137\000t\000e\000x\000t\000b\000a\000r\000\137\000w\000i\000t\000h\000\137\000s\000e\000l\000e\000c\000t\000e\000d\000\137\000t\000e\000x\000t\000>}{section.2}% 274
\BOOKMARK [2][-]{subsection.2.35}{\376\377\000<\000[\000<\000f\000l\000o\000a\000t\000>\000]\000>\000\040\000<\000f\000i\000t\000\137\000t\000o\000\137\000p\000a\000g\000e\000\137\000w\000i\000d\000t\000h\000\137\000r\000a\000t\000i\000o\000>}{section.2}% 275
\BOOKMARK [2][-]{subsection.2.36}{\376\377\000<\000[\000<\000b\000o\000o\000l\000>\000]\000>\000\040\000<\000f\000l\000a\000t\000\137\000t\000o\000c\000>}{section.2}% 276
\BOOKMARK [2][-]{subsection.2.37}{\376\377\000<\000[\000<\000i\000n\000t\000>\000]\000>\000\040\000<\000f\000o\000n\000t\000\137\000s\000i\000z\000e\000>}{section.2}% 277
\BOOKMARK [2][-]{subsection.2.38}{\376\377\000<\000[\000<\000c\000o\000l\000o\000r\0003\000>\000]\000>\000\040\000<\000f\000r\000e\000e\000t\000e\000x\000t\000\137\000b\000o\000o\000k\000m\000a\000r\000k\000\137\000c\000o\000l\000o\000r\000>}{section.2}% 278
\BOOKMARK [2][-]{subsection.2.39}{\376\377\000<\000[\000<\000i\000n\000t\000>\000]\000>\000\040\000<\000f\000r\000e\000e\000t\000e\000x\000t\000\137\000b\000o\000o\000k\000m\000a\000r\000k\000\137\000f\000o\000n\000t\000\137\000s\000i\000z\000e\000>}{section.2}% 279
\BOOKMARK [2][-]{subsection.2.40}{\376\377\000<\000[\000<\000b\000o\000o\000l\000>\000]\000>\000\040\000<\000f\000u\000z\000z\000y\000\137\000s\000e\000a\000r\000c\000h\000i\000n\000g\000>}{section.2}% 280
\BOOKMARK [2][-]{subsection.2.41}{\376\377\000<\000[\000<\000f\000l\000o\000a\000t\000>\000]\000>\000\040\000<\000g\000a\000m\000m\000a\000>}{section.2}% 281
\BOOKMARK [2][-]{subsection.2.42}{\376\377\000<\000[\000<\000b\000o\000o\000l\000>\000]\000>\000\040\000<\000h\000i\000d\000e\000\137\000o\000v\000e\000r\000l\000a\000p\000p\000i\000n\000g\000\137\000l\000i\000n\000k\000\137\000l\000a\000b\000e\000l\000s\000>}{section.2}% 282
\BOOKMARK [2][-]{subsection.2.43}{\376\377\000<\000[\000<\000c\000o\000l\000o\000r\0003\000>\000]\000>\000\040\000<\000h\000i\000g\000h\000l\000i\000g\000h\000t\000\137\000c\000o\000l\000o\000r\000\137\000[\000a\000-\000z\000]\000>}{section.2}% 283
\BOOKMARK [2][-]{subsection.2.44}{\376\377\000<\000[\000<\000b\000o\000o\000l\000>\000]\000>\000\040\000<\000h\000i\000g\000h\000l\000i\000g\000h\000t\000\137\000l\000i\000n\000k\000s\000>}{section.2}% 284
\BOOKMARK [2][-]{subsection.2.45}{\376\377\000<\000[\000<\000b\000o\000o\000l\000>\000]\000>\000\040\000<\000h\000i\000g\000h\000l\000i\000g\000h\000t\000\137\000m\000i\000d\000d\000l\000e\000\137\000c\000l\000i\000c\000k\000>}{section.2}% 285
\BOOKMARK [2][-]{subsection.2.46}{\376\377\000<\000[\000<\000b\000o\000o\000l\000>\000]\000>\000\040\000<\000h\000o\000v\000e\000r\000\137\000o\000v\000e\000r\000v\000i\000e\000w\000>}{section.2}% 286
\BOOKMARK [2][-]{subsection.2.47}{\376\377\000<\000[\000<\000b\000o\000o\000l\000>\000]\000>\000\040\000<\000i\000g\000n\000o\000r\000e\000\137\000s\000c\000r\000o\000l\000l\000\137\000e\000v\000e\000n\000t\000s\000>}{section.2}% 287
\BOOKMARK [2][-]{subsection.2.48}{\376\377\000<\000[\000<\000b\000o\000o\000l\000>\000]\000>\000\040\000<\000i\000g\000n\000o\000r\000e\000\137\000w\000h\000i\000t\000e\000s\000p\000a\000c\000e\000\137\000i\000n\000\137\000p\000r\000e\000s\000e\000n\000t\000a\000t\000i\000o\000n\000\137\000m\000o\000d\000e\000>}{section.2}% 288
\BOOKMARK [2][-]{subsection.2.49}{\376\377\000<\000[\000<\000b\000o\000o\000l\000>\000]\000>\000\040\000<\000i\000n\000c\000r\000e\000m\000e\000n\000t\000a\000l\000\137\000s\000e\000a\000r\000c\000h\000>}{section.2}% 289
\BOOKMARK [2][-]{subsection.2.50}{\376\377\000<\000[\000<\000b\000o\000o\000l\000>\000]\000>\000\040\000<\000i\000n\000i\000t\000i\000a\000l\000\137\000s\000n\000a\000p\000p\000e\000d\000\137\000d\000r\000a\000g\000g\000i\000n\000g\000>}{section.2}% 290
\BOOKMARK [2][-]{subsection.2.51}{\376\377\000<\000[\000<\000s\000t\000r\000i\000n\000g\000>\000]\000>\000\040\000<\000i\000n\000v\000e\000r\000s\000e\000\137\000s\000e\000a\000r\000c\000h\000\137\000c\000o\000m\000m\000a\000n\000d\000>}{section.2}% 291
\BOOKMARK [2][-]{subsection.2.52}{\376\377\000<\000[\000<\000b\000o\000o\000l\000>\000]\000>\000\040\000<\000i\000n\000v\000e\000r\000t\000e\000d\000\137\000h\000o\000r\000i\000z\000o\000n\000t\000a\000l\000\137\000s\000c\000r\000o\000l\000l\000i\000n\000g\000>}{section.2}% 292
\BOOKMARK [2][-]{subsection.2.53}{\376\377\000<\000[\000<\000b\000o\000o\000l\000>\000]\000>\000\040\000<\000i\000n\000v\000e\000r\000t\000\137\000s\000e\000l\000e\000c\000t\000e\000d\000\137\000t\000e\000x\000t\000>}{section.2}% 293
\BOOKMARK [2][-]{subsection.2.54}{\376\377\000<\000[\000<\000b\000o\000o\000l\000>\000]\000>\000\040\000<\000k\000e\000y\000b\000o\000a\000r\000d\000\137\000p\000o\000i\000n\000t\000\137\000s\000e\000l\000e\000c\000t\000i\000o\000n\000>}{section.2}% 294
\BOOKMARK [2][-]{subsection.2.55}{\376\377\000<\000[\000<\000c\000o\000l\000o\000r\0004\000>\000]\000>\000\040\000<\000k\000e\000y\000b\000o\000a\000r\000d\000\137\000s\000e\000l\000e\000c\000t\000\137\000b\000a\000c\000k\000g\000r\000o\000u\000n\000d\000\137\000c\000o\000l\000o\000r\000,\000\040\000k\000e\000y\000b\000o\000a\000r\000d\000\137\000s\000e\000l\000e\000c\000t\000\137\000t\000e\000x\000t\000\137\000c\000o\000l\000o\000r\000,\000\040\000k\000e\000y\000b\000o\000a\000r\000d\000\137\000s\000e\000l\000e\000c\000t\000e\000d\000\137\000t\000a\000g\000\137\000b\000a\000c\000k\000g\000r\000o\000u\000n\000d\000\137\000c\000o\000l\000o\000r\000,\000\040\000k\000e\000y\000b\000o\000a\000r\000d\000\137\000s\000e\000l\000e\000c\000t\000e\000d\000\137\000t\000a\000g\000\137\000t\000e\000x\000t\000\137\000c\000o\000l\000o\000r\000>}{section.2}% 295
\BOOKMARK [2][-]{subsection.2.56}{\376\377\000<\000[\000<\000i\000n\000t\000>\000]\000>\000\040\000<\000k\000e\000y\000b\000o\000a\000r\000d\000\137\000s\000e\000l\000e\000c\000t\000\137\000f\000o\000n\000t\000\137\000s\000i\000z\000e\000>}{section.2}% 296
\BOOKMARK [2][-]{subsection.2.57}{\376\377\000<\000[\000<\000b\000o\000o\000l\000>\000]\000>\000\040\000<\000l\000i\000n\000e\000a\000r\000\137\000f\000i\000l\000t\000e\000r\000>}{section.2}% 297
\BOOKMARK [2][-]{subsection.2.58}{\376\377\000<\000[\000<\000c\000o\000l\000o\000r\0003\000>\000]\000>\000\040\000<\000l\000i\000n\000k\000\137\000h\000i\000g\000h\000l\000i\000g\000h\000t\000\137\000c\000o\000l\000o\000r\000>}{section.2}% 298
\BOOKMARK [2][-]{subsection.2.59}{\376\377\000<\000[\000<\000i\000n\000t\000>\000]\000>\000\040\000<\000m\000a\000x\000\137\000c\000r\000e\000a\000t\000e\000d\000\137\000t\000o\000c\000\137\000s\000i\000z\000e\000>}{section.2}% 299
\BOOKMARK [2][-]{subsection.2.60}{\376\377\000<\000[\000<\000s\000t\000r\000i\000n\000g\000>\000]\000>\000\040\000<\000m\000e\000n\000u\000\137\000m\000a\000t\000c\000h\000e\000d\000\137\000s\000e\000a\000r\000c\000h\000\137\000h\000i\000g\000h\000l\000i\000g\000h\000t\000>}{section.2}% 300
\BOOKMARK [2][-]{subsection.2.61}{\376\377\000<\000[\000<\000f\000l\000o\000a\000t\000>\000]\000>\000\040\000<\000m\000e\000n\000u\000\137\000s\000c\000r\000e\000e\000n\000\137\000w\000i\000d\000t\000h\000\137\000r\000a\000t\000i\000o\000,\000\040\000m\000e\000n\000u\000\137\000s\000c\000r\000e\000e\000n\000\137\000h\000e\000i\000g\000h\000t\000\137\000r\000a\000t\000i\000o\000>}{section.2}% 301
\BOOKMARK [2][-]{subsection.2.62}{\376\377\000<\000[\000<\000s\000y\000m\000b\000o\000l\000>\000]\000>\000\040\000<\000m\000i\000d\000d\000l\000e\000\137\000c\000l\000i\000c\000k\000\137\000s\000e\000a\000r\000c\000h\000\137\000e\000n\000g\000i\000n\000e\000,\000\040\000s\000h\000i\000f\000t\000\137\000m\000i\000d\000d\000l\000e\000\137\000c\000l\000i\000c\000k\000\137\000s\000e\000a\000r\000c\000h\000\137\000e\000n\000g\000i\000n\000e\000>}{section.2}% 302
\BOOKMARK [2][-]{subsection.2.63}{\376\377\000<\000[\000<\000f\000l\000o\000a\000t\000>\000]\000>\000\040\000<\000m\000o\000v\000e\000\137\000s\000c\000r\000e\000e\000n\000\137\000r\000a\000t\000i\000o\000,\000\040\000m\000o\000v\000e\000\137\000s\000c\000r\000e\000e\000n\000\137\000p\000e\000r\000c\000e\000n\000t\000a\000g\000e\000>}{section.2}% 303
\BOOKMARK [2][-]{subsection.2.64}{\376\377\000<\000[\000<\000b\000o\000o\000l\000>\000]\000>\000\040\000<\000n\000u\000m\000e\000r\000i\000c\000\137\000t\000a\000g\000s\000>}{section.2}% 304
\BOOKMARK [2][-]{subsection.2.65}{\376\377\000<\000[\000<\000i\000n\000t\000>\000]\000>\000\040\000<\000n\000u\000m\000\137\000c\000a\000c\000h\000e\000d\000\137\000p\000a\000g\000e\000s\000>}{section.2}% 305
\BOOKMARK [2][-]{subsection.2.66}{\376\377\000<\000[\000<\000i\000n\000t\000>\000]\000>\000\040\000<\000n\000u\000m\000\137\000p\000r\000e\000r\000e\000n\000d\000e\000r\000e\000d\000\137\000n\000e\000x\000t\000\137\000s\000l\000i\000d\000e\000s\000,\000\040\000n\000u\000m\000\137\000p\000r\000e\000r\000e\000n\000d\000e\000r\000e\000d\000\137\000p\000r\000e\000v\000\137\000s\000l\000i\000d\000e\000s\000>}{section.2}% 306
\BOOKMARK [2][-]{subsection.2.67}{\376\377\000<\000[\000<\000i\000n\000t\000>\000]\000>\000\040\000<\000n\000u\000m\000\137\000t\000w\000o\000\137\000p\000a\000g\000e\000\137\000c\000o\000l\000u\000m\000n\000s\000>}{section.2}% 307
\BOOKMARK [2][-]{subsection.2.68}{\376\377\000<\000[\000<\000c\000o\000l\000o\000r\0003\000>\000]\000>\000\040\000<\000o\000v\000e\000r\000v\000i\000e\000w\000\137\000r\000e\000f\000e\000r\000e\000n\000c\000e\000\137\000h\000i\000g\000h\000l\000i\000g\000h\000t\000\137\000c\000o\000l\000o\000r\000>}{section.2}% 308
\BOOKMARK [2][-]{subsection.2.69}{\376\377\000<\000[\000<\000i\000n\000t\000/\000c\000o\000l\000o\000r\0003\000>\000]\000>\000\040\000<\000p\000a\000g\000e\000\137\000s\000e\000p\000a\000r\000a\000t\000o\000r\000\137\000w\000i\000d\000t\000h\000,\000\040\000p\000a\000g\000e\000\137\000s\000e\000p\000a\000r\000a\000t\000o\000r\000\137\000c\000o\000l\000o\000r\000>}{section.2}% 309
\BOOKMARK [2][-]{subsection.2.70}{\376\377\000<\000[\000<\000i\000n\000t\000>\000]\000>\000\040\000<\000p\000a\000g\000e\000\137\000s\000p\000a\000c\000e\000\137\000x\000,\000\040\000p\000a\000g\000e\000\137\000s\000p\000a\000c\000e\000\137\000y\000>}{section.2}% 310
\BOOKMARK [2][-]{subsection.2.71}{\376\377\000<\000[\000<\000s\000t\000r\000i\000n\000g\000>\000]\000>\000\040\000<\000p\000a\000p\000e\000r\000s\000\137\000f\000o\000l\000d\000e\000r\000\137\000p\000a\000t\000h\000>}{section.2}% 311
\BOOKMARK [2][-]{subsection.2.72}{\376\377\000<\000[\000<\000b\000o\000o\000l\000>\000]\000>\000\040\000<\000p\000a\000p\000e\000r\000\137\000d\000o\000w\000n\000l\000o\000a\000d\000\137\000s\000h\000o\000u\000l\000d\000\137\000c\000r\000e\000a\000t\000e\000\137\000p\000o\000r\000t\000a\000l\000>}{section.2}% 312
\BOOKMARK [2][-]{subsection.2.73}{\376\377\000<\000[\000<\000i\000n\000t\000>\000]\000>\000\040\000<\000p\000r\000e\000r\000e\000n\000d\000e\000r\000e\000d\000\137\000p\000a\000g\000e\000\137\000c\000o\000u\000n\000t\000>}{section.2}% 313
\BOOKMARK [2][-]{subsection.2.74}{\376\377\000<\000[\000<\000b\000o\000o\000l\000>\000]\000>\000\040\000<\000p\000r\000e\000r\000e\000n\000d\000e\000r\000\137\000n\000e\000x\000t\000\137\000p\000a\000g\000e\000\137\000p\000r\000e\000s\000e\000n\000t\000a\000t\000i\000o\000n\000>}{section.2}% 314
\BOOKMARK [2][-]{subsection.2.75}{\376\377\000<\000[\000<\000b\000o\000o\000l\000>\000]\000>\000\040\000<\000p\000r\000e\000s\000e\000r\000v\000e\000\137\000i\000m\000a\000g\000e\000\137\000c\000o\000l\000o\000r\000s\000\137\000i\000n\000\137\000d\000a\000r\000k\000\137\000m\000o\000d\000e\000,\000\040\000i\000n\000v\000e\000r\000t\000e\000d\000\137\000p\000r\000e\000s\000e\000r\000v\000e\000d\000\137\000i\000m\000a\000g\000e\000\137\000c\000o\000l\000o\000r\000s\000>}{section.2}% 315
\BOOKMARK [2][-]{subsection.2.76}{\376\377\000<\000[\000<\000c\000o\000l\000o\000r\0004\000/\000c\000o\000l\000o\000r\0003\000>\000]\000>\000\040\000<\000q\000u\000e\000s\000t\000i\000o\000n\000\137\000b\000o\000o\000k\000m\000a\000r\000k\000\137\000b\000a\000c\000k\000g\000r\000o\000u\000n\000d\000\137\000c\000o\000l\000o\000r\000,\000\040\000q\000u\000e\000s\000t\000i\000o\000n\000\137\000b\000o\000o\000k\000m\000a\000r\000k\000\137\000t\000e\000x\000t\000\137\000c\000o\000l\000o\000r\000>}{section.2}% 316
\BOOKMARK [2][-]{subsection.2.77}{\376\377\000<\000[\000<\000b\000o\000o\000l\000>\000]\000>\000\040\000<\000r\000e\000a\000l\000\137\000p\000a\000g\000e\000\137\000s\000e\000p\000a\000r\000a\000t\000i\000o\000n\000>}{section.2}% 317
\BOOKMARK [2][-]{subsection.2.78}{\376\377\000<\000[\000<\000i\000n\000t\000>\000]\000>\000\040\000<\000r\000e\000l\000o\000a\000d\000\137\000i\000n\000t\000e\000r\000v\000a\000l\000\137\000m\000i\000l\000i\000s\000e\000c\000o\000n\000d\000s\000>}{section.2}% 318
\BOOKMARK [2][-]{subsection.2.79}{\376\377\000<\000[\000<\000b\000o\000o\000l\000>\000]\000>\000\040\000<\000r\000e\000n\000d\000e\000r\000\137\000f\000r\000e\000e\000t\000e\000x\000t\000\137\000b\000o\000r\000d\000e\000r\000s\000>}{section.2}% 319
\BOOKMARK [2][-]{subsection.2.80}{\376\377\000<\000[\000<\000b\000o\000o\000l\000>\000]\000>\000\040\000<\000r\000e\000n\000d\000e\000r\000\137\000p\000d\000f\000\137\000a\000n\000n\000o\000t\000a\000t\000i\000o\000n\000s\000>}{section.2}% 320
\BOOKMARK [2][-]{subsection.2.81}{\376\377\000<\000[\000<\000s\000t\000r\000i\000n\000g\000>\000]\000>\000\040\000<\000r\000e\000s\000i\000z\000e\000\137\000c\000o\000m\000m\000a\000n\000d\000>}{section.2}% 321
\BOOKMARK [2][-]{subsection.2.82}{\376\377\000<\000[\000<\000b\000o\000o\000l\000>\000]\000>\000\040\000<\000r\000i\000g\000h\000t\000\137\000c\000l\000i\000c\000k\000\137\000c\000o\000n\000t\000e\000x\000t\000\137\000m\000e\000n\000u\000>}{section.2}% 322
\BOOKMARK [2][-]{subsection.2.83}{\376\377\000<\000[\000<\000f\000l\000o\000a\000t\000>\000]\000>\000\040\000<\000r\000u\000l\000e\000r\000\137\000a\000u\000t\000o\000\137\000m\000o\000v\000e\000\137\000s\000e\000n\000s\000i\000t\000i\000v\000i\000t\000y\000>}{section.2}% 323
\BOOKMARK [2][-]{subsection.2.84}{\376\377\000<\000[\000<\000i\000n\000t\000>\000]\000>\000\040\000<\000r\000u\000l\000e\000r\000\137\000a\000u\000t\000o\000\137\000m\000o\000v\000e\000\137\000t\000h\000r\000e\000s\000h\000o\000l\000d\000\137\000d\000i\000s\000t\000a\000n\000c\000e\000>}{section.2}% 324
\BOOKMARK [2][-]{subsection.2.85}{\376\377\000<\000[\000<\000c\000o\000l\000o\000r\0003\000>\000]\000>\000\040\000<\000r\000u\000l\000e\000r\000\137\000c\000o\000l\000o\000r\000>}{section.2}% 325
\BOOKMARK [2][-]{subsection.2.86}{\376\377\000<\000[\000<\000s\000t\000r\000i\000n\000g\000>\000]\000>\000\040\000<\000r\000u\000l\000e\000r\000\137\000d\000i\000s\000p\000l\000a\000y\000\137\000m\000o\000d\000e\000>}{section.2}% 326
\BOOKMARK [2][-]{subsection.2.87}{\376\377\000<\000[\000<\000c\000o\000l\000o\000r\0003\000>\000]\000>\000\040\000<\000r\000u\000l\000e\000r\000\137\000m\000a\000r\000k\000e\000r\000\137\000c\000o\000l\000o\000r\000>}{section.2}% 327
\BOOKMARK [2][-]{subsection.2.88}{\376\377\000<\000[\000<\000f\000l\000o\000a\000t\000>\000]\000>\000\040\000<\000r\000u\000l\000e\000r\000\137\000n\000e\000x\000t\000\137\000p\000a\000g\000e\000\137\000e\000n\000d\000\137\000p\000o\000s\000,\000\040\000r\000u\000l\000e\000r\000\137\000n\000e\000x\000t\000\137\000p\000a\000g\000e\000\137\000b\000e\000g\000i\000n\000\137\000p\000o\000s\000>}{section.2}% 328
\BOOKMARK [2][-]{subsection.2.89}{\376\377\000<\000[\000<\000i\000n\000t\000>\000]\000>\000\040\000<\000r\000u\000l\000e\000r\000\137\000p\000a\000d\000d\000i\000n\000g\000,\000\040\000r\000u\000l\000e\000r\000\137\000x\000\137\000p\000a\000d\000d\000i\000n\000g\000>}{section.2}% 329
\BOOKMARK [2][-]{subsection.2.90}{\376\377\000<\000[\000<\000i\000n\000t\000>\000]\000>\000\040\000<\000r\000u\000l\000e\000r\000\137\000p\000i\000x\000e\000l\000\137\000w\000i\000d\000t\000h\000>}{section.2}% 330
\BOOKMARK [2][-]{subsection.2.91}{\376\377\000<\000[\000<\000c\000o\000l\000o\000r\0004\000>\000]\000>\000\040\000<\000r\000u\000l\000e\000r\000\137\000s\000l\000i\000t\000\137\000c\000o\000l\000o\000r\000>}{section.2}% 331
\BOOKMARK [2][-]{subsection.2.92}{\376\377\000<\000[\000<\000b\000o\000o\000l\000>\000]\000>\000\040\000<\000s\000a\000v\000e\000\137\000e\000x\000t\000e\000r\000n\000a\000l\000l\000y\000\137\000e\000d\000i\000t\000e\000d\000\137\000t\000e\000x\000t\000\137\000o\000n\000\137\000f\000o\000c\000u\000s\000>}{section.2}% 332
\BOOKMARK [2][-]{subsection.2.93}{\376\377\000<\000[\000<\000f\000l\000o\000a\000t\000>\000]\000>\000\040\000<\000s\000c\000r\000o\000l\000l\000v\000i\000e\000w\000\137\000s\000e\000n\000s\000i\000t\000i\000v\000i\000t\000y\000>}{section.2}% 333
\BOOKMARK [2][-]{subsection.2.94}{\376\377\000<\000[\000<\000f\000l\000o\000a\000t\000>\000]\000>\000\040\000<\000s\000c\000r\000o\000l\000l\000\137\000z\000o\000o\000m\000\137\000i\000n\000c\000\137\000f\000a\000c\000t\000o\000r\000>}{section.2}% 334
\BOOKMARK [2][-]{subsection.2.95}{\376\377\000<\000[\000<\000c\000o\000l\000o\000r\0003\000>\000]\000>\000\040\000<\000s\000e\000a\000r\000c\000h\000\137\000h\000i\000g\000h\000l\000i\000g\000h\000t\000\137\000c\000o\000l\000o\000r\000>}{section.2}% 335
\BOOKMARK [2][-]{subsection.2.96}{\376\377\000<\000[\000<\000s\000t\000r\000i\000n\000g\000>\000]\000>\000\040\000<\000s\000e\000a\000r\000c\000h\000\137\000u\000r\000l\000\137\000[\000a\000-\000z\000]\000>}{section.2}% 336
\BOOKMARK [2][-]{subsection.2.97}{\376\377\000<\000[\000<\000f\000l\000o\000a\000t\000>\000]\000>\000\040\000<\000s\000e\000r\000v\000e\000r\000\137\000a\000n\000d\000\137\000l\000o\000c\000a\000l\000\137\000d\000o\000c\000u\000m\000e\000n\000t\000\137\000m\000i\000s\000m\000a\000t\000c\000h\000\137\000t\000h\000r\000e\000s\000h\000o\000l\000d\000>}{section.2}% 337
\BOOKMARK [2][-]{subsection.2.98}{\376\377\000<\000[\000<\000s\000t\000r\000i\000n\000g\000>\000]\000>\000\040\000<\000s\000h\000a\000r\000e\000d\000\137\000d\000a\000t\000a\000b\000a\000s\000e\000\137\000p\000a\000t\000h\000>}{section.2}% 338
\BOOKMARK [2][-]{subsection.2.99}{\376\377\000<\000[\000<\000b\000o\000o\000l\000>\000]\000>\000\040\000<\000s\000h\000o\000u\000l\000d\000\137\000h\000i\000g\000h\000l\000i\000g\000h\000t\000\137\000u\000n\000s\000e\000l\000e\000c\000t\000e\000d\000\137\000s\000e\000a\000r\000c\000h\000>}{section.2}% 339
\BOOKMARK [2][-]{subsection.2.100}{\376\377\000<\000[\000<\000b\000o\000o\000l\000>\000]\000>\000\040\000<\000s\000h\000o\000u\000l\000d\000\137\000l\000a\000u\000n\000c\000h\000\137\000n\000e\000w\000\137\000w\000i\000n\000d\000o\000w\000>}{section.2}% 340
\BOOKMARK [2][-]{subsection.2.101}{\376\377\000<\000[\000<\000b\000o\000o\000l\000>\000]\000>\000\040\000<\000s\000h\000o\000u\000l\000d\000\137\000l\000o\000a\000d\000\137\000t\000u\000t\000o\000r\000i\000a\000l\000\137\000w\000h\000e\000n\000\137\000n\000o\000\137\000o\000t\000h\000e\000r\000\137\000f\000i\000l\000e\000>}{section.2}% 341
\BOOKMARK [2][-]{subsection.2.102}{\376\377\000<\000[\000<\000b\000o\000o\000l\000>\000]\000>\000\040\000<\000s\000h\000o\000u\000l\000d\000\137\000w\000a\000r\000n\000\137\000a\000b\000o\000u\000t\000\137\000u\000s\000e\000r\000\137\000k\000e\000y\000\137\000o\000v\000e\000r\000r\000i\000d\000e\000>}{section.2}% 342
\BOOKMARK [2][-]{subsection.2.103}{\376\377\000<\000[\000<\000b\000o\000o\000l\000>\000]\000>\000\040\000<\000s\000h\000o\000w\000\137\000m\000o\000s\000t\000\137\000r\000e\000c\000e\000n\000t\000\137\000c\000o\000m\000m\000a\000n\000d\000s\000\137\000f\000i\000r\000s\000t\000>}{section.2}% 343
\BOOKMARK [2][-]{subsection.2.104}{\376\377\000<\000[\000<\000b\000o\000o\000l\000>\000]\000>\000\040\000<\000s\000h\000o\000w\000\137\000r\000e\000f\000e\000r\000e\000n\000c\000e\000\137\000o\000v\000e\000r\000v\000i\000e\000w\000\137\000h\000i\000g\000h\000l\000i\000g\000h\000t\000s\000>}{section.2}% 344
\BOOKMARK [2][-]{subsection.2.105}{\376\377\000<\000[\000<\000b\000o\000o\000l\000>\000]\000>\000\040\000<\000s\000i\000n\000g\000l\000e\000\137\000c\000l\000i\000c\000k\000\137\000s\000e\000l\000e\000c\000t\000s\000\137\000w\000o\000r\000d\000s\000>}{section.2}% 345
\BOOKMARK [2][-]{subsection.2.106}{\376\377\000<\000[\000<\000b\000o\000o\000l\000>\000]\000>\000\040\000<\000s\000l\000i\000c\000e\000d\000\137\000r\000e\000n\000d\000e\000r\000i\000n\000g\000>}{section.2}% 346
\BOOKMARK [2][-]{subsection.2.107}{\376\377\000<\000[\000<\000b\000o\000o\000l\000>\000]\000>\000\040\000<\000s\000m\000a\000r\000t\000c\000a\000s\000e\000\137\000s\000e\000a\000r\000c\000h\000>}{section.2}% 347
\BOOKMARK [2][-]{subsection.2.108}{\376\377\000<\000[\000<\000f\000l\000o\000a\000t\000>\000]\000>\000\040\000<\000s\000m\000o\000o\000t\000h\000\137\000m\000o\000v\000e\000\137\000m\000a\000x\000\137\000v\000e\000l\000o\000c\000i\000t\000y\000>}{section.2}% 348
\BOOKMARK [2][-]{subsection.2.109}{\376\377\000<\000[\000<\000b\000o\000o\000l\000>\000]\000>\000\040\000<\000s\000m\000o\000o\000t\000h\000\137\000s\000c\000r\000o\000l\000l\000\137\000m\000o\000d\000e\000>}{section.2}% 349
\BOOKMARK [2][-]{subsection.2.110}{\376\377\000<\000[\000<\000f\000l\000o\000a\000t\000>\000]\000>\000\040\000<\000s\000m\000o\000o\000t\000h\000\137\000s\000c\000r\000o\000l\000l\000\137\000s\000p\000e\000e\000d\000,\000\040\000s\000m\000o\000o\000t\000h\000\137\000s\000c\000r\000o\000l\000l\000\137\000d\000r\000a\000g\000>}{section.2}% 350
\BOOKMARK [2][-]{subsection.2.111}{\376\377\000<\000[\000<\000b\000o\000o\000l\000>\000]\000>\000\040\000<\000s\000o\000r\000t\000\137\000b\000o\000o\000k\000m\000a\000r\000k\000s\000\137\000b\000y\000\137\000l\000o\000c\000a\000t\000i\000o\000n\000>}{section.2}% 351
\BOOKMARK [2][-]{subsection.2.112}{\376\377\000<\000[\000<\000s\000t\000r\000i\000n\000g\000>\000]\000>\000\040\000<\000s\000t\000a\000r\000t\000u\000p\000\137\000c\000o\000m\000m\000a\000n\000d\000s\000>}{section.2}% 352
\BOOKMARK [2][-]{subsection.2.113}{\376\377\000<\000[\000<\000c\000o\000l\000o\000r\0003\000>\000]\000>\000\040\000<\000s\000t\000a\000t\000u\000s\000\137\000b\000a\000r\000\137\000c\000o\000l\000o\000r\000,\000\040\000s\000t\000a\000t\000u\000s\000\137\000b\000a\000r\000\137\000t\000e\000x\000t\000\137\000c\000o\000l\000o\000r\000>}{section.2}% 353
\BOOKMARK [2][-]{subsection.2.114}{\376\377\000<\000[\000<\000i\000n\000t\000>\000]\000>\000\040\000<\000s\000t\000a\000t\000u\000s\000\137\000b\000a\000r\000\137\000f\000o\000n\000t\000\137\000s\000i\000z\000e\000>}{section.2}% 354
\BOOKMARK [2][-]{subsection.2.115}{\376\377\000<\000[\000<\000s\000t\000r\000i\000n\000g\000>\000]\000>\000\040\000<\000s\000t\000a\000t\000u\000s\000\137\000b\000a\000r\000\137\000f\000o\000r\000m\000a\000t\000,\000\040\000r\000i\000g\000h\000t\000\137\000s\000t\000a\000t\000u\000s\000\137\000b\000a\000r\000\137\000f\000o\000r\000m\000a\000t\000,\000\040\000s\000t\000a\000t\000u\000s\000\137\000*\000\137\000c\000o\000m\000m\000a\000n\000d\000>}{section.2}% 355
\BOOKMARK [2][-]{subsection.2.116}{\376\377\000<\000[\000<\000s\000t\000r\000i\000n\000g\000>\000]\000>\000\040\000<\000s\000t\000a\000t\000u\000s\000\137\000c\000u\000s\000t\000o\000m\000\137\000m\000e\000s\000s\000a\000g\000e\000\137\000[\000a\000-\000d\000]\000,\000\040\000s\000t\000a\000t\000u\000s\000\137\000c\000u\000s\000t\000o\000m\000\137\000m\000e\000s\000s\000a\000g\000e\000\137\000[\000a\000-\000d\000]\000\137\000c\000o\000m\000m\000a\000n\000d\000>}{section.2}% 356
\BOOKMARK [2][-]{subsection.2.117}{\376\377\000<\000[\000<\000s\000t\000r\000i\000n\000g\000>\000]\000>\000\040\000<\000s\000t\000a\000t\000u\000s\000\137\000f\000o\000n\000t\000>}{section.2}% 357
\BOOKMARK [2][-]{subsection.2.118}{\376\377\000<\000[\000<\000i\000n\000t\000>\000]\000>\000\040\000<\000s\000t\000r\000i\000k\000e\000\137\000l\000i\000n\000e\000\137\000w\000i\000d\000t\000h\000>}{section.2}% 358
\BOOKMARK [2][-]{subsection.2.119}{\376\377\000<\000[\000<\000b\000o\000o\000l\000>\000]\000>\000\040\000<\000s\000u\000p\000e\000r\000\137\000f\000a\000s\000t\000\137\000s\000e\000a\000r\000c\000h\000>}{section.2}% 359
\BOOKMARK [2][-]{subsection.2.120}{\376\377\000<\000[\000<\000c\000o\000l\000o\000r\0003\000>\000]\000>\000\040\000<\000s\000y\000n\000c\000t\000e\000x\000\137\000h\000i\000g\000h\000l\000i\000g\000h\000t\000\137\000c\000o\000l\000o\000r\000>}{section.2}% 360
\BOOKMARK [2][-]{subsection.2.121}{\376\377\000<\000[\000<\000f\000l\000o\000a\000t\000>\000]\000>\000\040\000<\000s\000y\000n\000c\000t\000e\000x\000\137\000h\000i\000g\000h\000l\000i\000g\000h\000t\000\137\000t\000i\000m\000e\000o\000u\000t\000>}{section.2}% 361
\BOOKMARK [2][-]{subsection.2.122}{\376\377\000<\000[\000<\000s\000t\000r\000i\000n\000g\000>\000]\000>\000\040\000<\000t\000a\000b\000l\000e\000\137\000e\000x\000t\000r\000a\000c\000t\000\137\000b\000e\000h\000a\000v\000i\000o\000u\000r\000>}{section.2}% 362
\BOOKMARK [2][-]{subsection.2.123}{\376\377\000<\000[\000<\000s\000t\000r\000i\000n\000g\000>\000]\000>\000\040\000<\000t\000a\000g\000\137\000f\000o\000n\000t\000\137\000f\000a\000c\000e\000>}{section.2}% 363
\BOOKMARK [2][-]{subsection.2.124}{\376\377\000<\000[\000<\000c\000o\000l\000o\000r\0003\000>\000]\000>\000\040\000<\000t\000e\000x\000t\000\137\000h\000i\000g\000h\000l\000i\000g\000h\000t\000\137\000c\000o\000l\000o\000r\000>}{section.2}% 364
\BOOKMARK [2][-]{subsection.2.125}{\376\377\000<\000[\000<\000b\000o\000o\000l\000>\000]\000>\000\040\000<\000t\000o\000c\000\137\000j\000u\000m\000p\000\137\000a\000l\000i\000g\000n\000\137\000t\000o\000p\000>}{section.2}% 365
\BOOKMARK [2][-]{subsection.2.126}{\376\377\000<\000[\000<\000f\000l\000o\000a\000t\000>\000]\000>\000\040\000<\000t\000o\000u\000c\000h\000p\000a\000d\000\137\000s\000e\000n\000s\000i\000t\000i\000v\000i\000t\000y\000>}{section.2}% 366
\BOOKMARK [2][-]{subsection.2.127}{\376\377\000<\000[\000<\000b\000o\000o\000l\000>\000]\000>\000\040\000<\000t\000o\000u\000c\000h\000\137\000m\000o\000d\000e\000>}{section.2}% 367
\BOOKMARK [2][-]{subsection.2.128}{\376\377\000<\000[\000<\000s\000t\000r\000i\000n\000g\000>\000]\000>\000\040\000<\000b\000a\000c\000k\000\137\000r\000e\000c\000t\000\137\000t\000a\000p\000\137\000c\000o\000m\000m\000a\000n\000d\000,\000\040\000b\000a\000c\000k\000\137\000r\000e\000c\000t\000\137\000h\000o\000l\000d\000\137\000c\000o\000m\000m\000a\000n\000d\000,\000\040\000f\000o\000r\000w\000a\000r\000d\000\137\000r\000e\000c\000t\000\137\000t\000a\000p\000\137\000c\000o\000m\000m\000a\000n\000d\000,\000\040\000f\000o\000r\000w\000a\000r\000d\000\137\000r\000e\000c\000t\000\137\000h\000o\000l\000d\000\137\000c\000o\000m\000m\000a\000n\000d\000,\000\040\000m\000i\000d\000d\000l\000e\000\137\000l\000e\000f\000t\000\137\000r\000e\000c\000t\000\137\000t\000a\000p\000\137\000c\000o\000m\000m\000a\000n\000d\000,\000\040\000m\000i\000d\000d\000l\000e\000\137\000l\000e\000f\000t\000\137\000r\000e\000c\000t\000\137\000h\000o\000l\000d\000\137\000c\000o\000m\000m\000a\000n\000d\000,\000\040\000m\000i\000d\000d\000l\000e\000\137\000r\000i\000g\000h\000t\000\137\000r\000e\000c\000t\000\137\000t\000a\000p\000\137\000c\000o\000m\000m\000a\000n\000d\000,\000\040\000m\000i\000d\000d\000l\000e\000\137\000r\000i\000g\000h\000t\000\137\000r\000e\000c\000t\000\137\000h\000o\000l\000d\000\137\000c\000o\000m\000m\000a\000n\000d\000,\000\040\000r\000u\000l\000e\000r\000\137\000n\000e\000x\000t\000\137\000t\000a\000p\000\137\000c\000o\000m\000m\000a\000n\000d\000,\000\040\000r\000u\000l\000e\000r\000\137\000n\000e\000x\000t\000\137\000h\000o\000l\000d\000\137\000c\000o\000m\000m\000a\000n\000d\000,\000\040\000r\000u\000l\000e\000r\000\137\000p\000r\000e\000v\000\137\000t\000a\000p\000\137\000c\000o\000m\000m\000a\000n\000d\000,\000\040\000r\000u\000l\000e\000r\000\137\000p\000r\000e\000v\000\137\000h\000o\000l\000d\000\137\000c\000o\000m\000m\000a\000n\000d\000>}{section.2}% 368
\BOOKMARK [2][-]{subsection.2.129}{\376\377\000<\000[\000<\000f\000l\000o\000a\000t\000>\000]\000>\000\040\000<\000t\000t\000s\000\137\000r\000a\000t\000e\000>}{section.2}% 369
\BOOKMARK [2][-]{subsection.2.130}{\376\377\000<\000[\000<\000f\000l\000o\000a\000t\000>\000]\000>\000\040\000<\000t\000t\000s\000\137\000r\000a\000t\000e\000\137\000i\000n\000c\000r\000e\000m\000e\000n\000t\000>}{section.2}% 370
\BOOKMARK [2][-]{subsection.2.131}{\376\377\000<\000[\000<\000s\000t\000r\000i\000n\000g\000>\000]\000>\000\040\000<\000u\000i\000\137\000f\000o\000n\000t\000>}{section.2}% 371
\BOOKMARK [2][-]{subsection.2.132}{\376\377\000<\000[\000<\000r\000e\000c\000t\000>\000]\000>\000\040\000<\000p\000o\000r\000t\000r\000a\000i\000t\000\137\000b\000a\000c\000k\000\137\000u\000i\000\137\000r\000e\000c\000t\000,\000\040\000p\000o\000r\000t\000r\000a\000i\000t\000\137\000f\000o\000r\000w\000a\000r\000d\000\137\000u\000i\000\137\000r\000e\000c\000t\000,\000\040\000l\000a\000n\000d\000s\000c\000a\000p\000e\000\137\000b\000a\000c\000k\000\137\000u\000i\000\137\000r\000e\000c\000t\000,\000\040\000l\000a\000n\000d\000s\000c\000a\000p\000e\000\137\000f\000o\000r\000w\000a\000r\000d\000\137\000u\000i\000\137\000r\000e\000c\000t\000,\000\040\000p\000o\000r\000t\000r\000a\000i\000t\000\137\000v\000i\000s\000u\000a\000l\000\137\000m\000a\000r\000k\000\137\000n\000e\000x\000t\000,\000\040\000p\000o\000r\000t\000r\000a\000i\000t\000\137\000v\000i\000s\000u\000a\000l\000\137\000m\000a\000r\000k\000\137\000p\000r\000e\000v\000,\000\040\000l\000a\000n\000d\000s\000c\000a\000p\000e\000\137\000v\000i\000s\000u\000a\000l\000\137\000m\000a\000r\000k\000\137\000n\000e\000x\000t\000,\000\040\000l\000a\000n\000d\000s\000c\000a\000p\000e\000\137\000v\000i\000s\000u\000a\000l\000\137\000m\000a\000r\000k\000\137\000p\000r\000e\000v\000,\000\040\000l\000a\000n\000d\000s\000c\000a\000p\000e\000\137\000m\000i\000d\000d\000l\000e\000\137\000r\000i\000g\000h\000t\000\137\000r\000e\000c\000t\000,\000\040\000p\000o\000r\000t\000r\000a\000i\000t\000\137\000m\000i\000d\000d\000l\000e\000\137\000r\000i\000g\000h\000t\000\137\000r\000e\000c\000t\000,\000\040\000l\000a\000n\000d\000s\000c\000a\000p\000e\000\137\000m\000i\000d\000d\000l\000e\000\137\000l\000e\000f\000t\000\137\000r\000e\000c\000t\000,\000\040\000p\000o\000r\000t\000r\000a\000i\000t\000\137\000m\000i\000d\000d\000l\000e\000\137\000l\000e\000f\000t\000\137\000r\000e\000c\000t\000>}{section.2}% 372
\BOOKMARK [2][-]{subsection.2.133}{\376\377\000<\000[\000<\000c\000o\000l\000o\000r\0003\000>\000]\000>\000\040\000<\000u\000i\000\137\000t\000e\000x\000t\000\137\000c\000o\000l\000o\000r\000,\000\040\000u\000i\000\137\000b\000a\000c\000k\000g\000r\000o\000u\000n\000d\000\137\000c\000o\000l\000o\000r\000,\000\040\000u\000i\000\137\000s\000e\000l\000e\000c\000t\000e\000d\000\137\000t\000e\000x\000t\000\137\000c\000o\000l\000o\000r\000,\000\040\000u\000i\000\137\000s\000e\000l\000e\000c\000t\000e\000d\000\137\000b\000a\000c\000k\000g\000r\000o\000u\000n\000d\000\137\000c\000o\000l\000o\000r\000>}{section.2}% 373
\BOOKMARK [2][-]{subsection.2.134}{\376\377\000<\000[\000<\000c\000o\000l\000o\000r\0003\000>\000]\000>\000\040\000<\000u\000n\000s\000e\000l\000e\000c\000t\000e\000d\000\137\000s\000e\000a\000r\000c\000h\000\137\000h\000i\000g\000h\000l\000i\000g\000h\000t\000\137\000c\000o\000l\000o\000r\000>}{section.2}% 374
\BOOKMARK [2][-]{subsection.2.135}{\376\377\000<\000[\000<\000b\000o\000o\000l\000>\000]\000>\000\040\000<\000u\000s\000e\000\137\000r\000u\000l\000e\000r\000\137\000t\000o\000\137\000h\000i\000g\000h\000l\000i\000g\000h\000t\000\137\000s\000y\000n\000c\000t\000e\000x\000\137\000l\000i\000n\000e\000>}{section.2}% 375
\BOOKMARK [2][-]{subsection.2.136}{\376\377\000<\000[\000<\000b\000o\000o\000l\000>\000]\000>\000\040\000<\000u\000s\000e\000\137\000s\000y\000s\000t\000e\000m\000\137\000t\000h\000e\000m\000e\000,\000\040\000u\000s\000e\000\137\000c\000u\000s\000t\000o\000m\000\137\000c\000o\000l\000o\000r\000\137\000a\000s\000\137\000d\000a\000r\000k\000\137\000s\000y\000s\000t\000e\000m\000\137\000t\000h\000e\000m\000e\000>}{section.2}% 376
\BOOKMARK [2][-]{subsection.2.137}{\376\377\000<\000[\000<\000f\000l\000o\000a\000t\000>\000]\000>\000\040\000<\000v\000e\000r\000t\000i\000c\000a\000l\000\137\000m\000o\000v\000e\000\137\000a\000m\000o\000u\000n\000t\000,\000\040\000h\000o\000r\000i\000z\000o\000n\000t\000a\000l\000\137\000m\000o\000v\000e\000\137\000a\000m\000o\000u\000n\000t\000>}{section.2}% 377
\BOOKMARK [2][-]{subsection.2.138}{\376\377\000<\000[\000<\000b\000o\000o\000l\000>\000]\000>\000\040\000<\000w\000h\000e\000e\000l\000\137\000z\000o\000o\000m\000\137\000i\000n\000\137\000c\000u\000r\000s\000o\000r\000>}{section.2}% 378
\BOOKMARK [2][-]{subsection.2.139}{\376\377\000<\000[\000<\000i\000n\000t\000>\000]\000>\000\040\000<\000m\000a\000i\000n\000\137\000w\000i\000n\000d\000o\000w\000\137\000s\000i\000z\000e\000,\000\040\000h\000e\000l\000p\000e\000r\000\137\000w\000i\000n\000d\000o\000w\000\137\000s\000i\000z\000e\000,\000\040\000m\000a\000i\000n\000\137\000w\000i\000n\000d\000o\000w\000\137\000m\000o\000v\000e\000,\000\040\000h\000e\000l\000p\000e\000r\000\137\000w\000i\000n\000d\000o\000w\000\137\000m\000o\000v\000e\000,\000\040\000s\000i\000n\000g\000l\000e\000\137\000m\000a\000i\000n\000\137\000w\000i\000n\000d\000o\000w\000\137\000s\000i\000z\000e\000,\000\040\000s\000i\000n\000g\000l\000e\000\137\000m\000a\000i\000n\000\137\000w\000i\000n\000d\000o\000w\000\137\000m\000o\000v\000e\000,\000\040\000o\000v\000e\000r\000v\000i\000e\000w\000\137\000s\000i\000z\000e\000,\000\040\000o\000v\000e\000r\000v\000i\000e\000w\000\137\000o\000f\000f\000s\000e\000t\000>}{section.2}% 379
\BOOKMARK [2][-]{subsection.2.140}{\376\377\000<\000[\000<\000f\000l\000o\000a\000t\000>\000]\000>\000\040\000<\000z\000o\000o\000m\000\137\000i\000n\000c\000\137\000f\000a\000c\000t\000o\000r\000>}{section.2}% 380
